{"/Users/jilhenry/Documents/Programming/Node/F4B Projects/StackoverflowLite/index.js":{"path":"/Users/jilhenry/Documents/Programming/Node/F4B Projects/StackoverflowLite/index.js","statementMap":{"0":{"start":{"line":2,"column":16},"end":{"line":2,"column":34}},"1":{"start":{"line":3,"column":17},"end":{"line":3,"column":48}},"2":{"start":{"line":4,"column":0},"end":{"line":4,"column":26}},"3":{"start":{"line":5,"column":0},"end":{"line":5,"column":29}},"4":{"start":{"line":7,"column":12},"end":{"line":7,"column":21}},"5":{"start":{"line":9,"column":0},"end":{"line":9,"column":24}},"6":{"start":{"line":10,"column":0},"end":{"line":10,"column":29}},"7":{"start":{"line":12,"column":0},"end":{"line":14,"column":3}},"8":{"start":{"line":13,"column":2},"end":{"line":13,"column":84}},"9":{"start":{"line":16,"column":0},"end":{"line":18,"column":3}},"10":{"start":{"line":17,"column":2},"end":{"line":17,"column":35}}},"fnMap":{"0":{"name":"(anonymous_0)","decl":{"start":{"line":12,"column":13},"end":{"line":12,"column":14}},"loc":{"start":{"line":12,"column":28},"end":{"line":14,"column":1}},"line":12},"1":{"name":"(anonymous_1)","decl":{"start":{"line":16,"column":46},"end":{"line":16,"column":47}},"loc":{"start":{"line":16,"column":52},"end":{"line":18,"column":1}},"line":16}},"branchMap":{},"s":{"0":1,"1":1,"2":1,"3":1,"4":1,"5":1,"6":1,"7":1,"8":4,"9":1,"10":1},"f":{"0":4,"1":1},"b":{},"_coverageSchema":"1a1c01bbd47fc00a2c39e90264f33305004495a9","hash":"047a5583319b14037a4b32e3e65edd2007631358","contentHash":"949d039a2b4431d9936015bd541b8103287d3405b41fb48c2630494ba5dbab15"},"/Users/jilhenry/Documents/Programming/Node/F4B Projects/StackoverflowLite/versions/v1.router.js":{"path":"/Users/jilhenry/Documents/Programming/Node/F4B Projects/StackoverflowLite/versions/v1.router.js","statementMap":{"0":{"start":{"line":1,"column":15},"end":{"line":1,"column":42}},"1":{"start":{"line":2,"column":19},"end":{"line":2,"column":65}},"2":{"start":{"line":3,"column":23},"end":{"line":3,"column":77}},"3":{"start":{"line":4,"column":21},"end":{"line":4,"column":71}},"4":{"start":{"line":5,"column":22},"end":{"line":5,"column":74}},"5":{"start":{"line":7,"column":0},"end":{"line":7,"column":33}},"6":{"start":{"line":8,"column":0},"end":{"line":8,"column":37}},"7":{"start":{"line":9,"column":0},"end":{"line":9,"column":41}},"8":{"start":{"line":10,"column":0},"end":{"line":10,"column":39}},"9":{"start":{"line":12,"column":0},"end":{"line":12,"column":24}}},"fnMap":{},"branchMap":{},"s":{"0":1,"1":1,"2":1,"3":1,"4":1,"5":1,"6":1,"7":1,"8":1,"9":1},"f":{},"b":{},"_coverageSchema":"1a1c01bbd47fc00a2c39e90264f33305004495a9","hash":"0872b030f03a62304eb852ce5d59b4df24ebabc5","contentHash":"b15cb8f8a839e19178203bbb7674f8ae9d73fccb8f8fd7d99d31ddc39eea4504"},"/Users/jilhenry/Documents/Programming/Node/F4B Projects/StackoverflowLite/domains/user/routers/user.router.js":{"path":"/Users/jilhenry/Documents/Programming/Node/F4B Projects/StackoverflowLite/domains/user/routers/user.router.js","statementMap":{"0":{"start":{"line":1,"column":16},"end":{"line":1,"column":34}},"1":{"start":{"line":2,"column":19},"end":{"line":2,"column":60}},"2":{"start":{"line":3,"column":13},"end":{"line":3,"column":49}},"3":{"start":{"line":4,"column":33},"end":{"line":4,"column":89}},"4":{"start":{"line":5,"column":71},"end":{"line":5,"column":127}},"5":{"start":{"line":6,"column":28},"end":{"line":6,"column":68}},"6":{"start":{"line":8,"column":15},"end":{"line":8,"column":31}},"7":{"start":{"line":10,"column":0},"end":{"line":17,"column":2}},"8":{"start":{"line":15,"column":4},"end":{"line":15,"column":69}},"9":{"start":{"line":19,"column":0},"end":{"line":25,"column":2}},"10":{"start":{"line":23,"column":4},"end":{"line":23,"column":57}},"11":{"start":{"line":27,"column":0},"end":{"line":33,"column":2}},"12":{"start":{"line":31,"column":4},"end":{"line":31,"column":58}},"13":{"start":{"line":35,"column":0},"end":{"line":42,"column":2}},"14":{"start":{"line":39,"column":4},"end":{"line":39,"column":24}},"15":{"start":{"line":40,"column":4},"end":{"line":40,"column":58}},"16":{"start":{"line":44,"column":0},"end":{"line":50,"column":2}},"17":{"start":{"line":48,"column":4},"end":{"line":48,"column":59}},"18":{"start":{"line":52,"column":0},"end":{"line":58,"column":2}},"19":{"start":{"line":56,"column":4},"end":{"line":56,"column":59}},"20":{"start":{"line":60,"column":0},"end":{"line":69,"column":2}},"21":{"start":{"line":66,"column":4},"end":{"line":66,"column":71}},"22":{"start":{"line":67,"column":4},"end":{"line":67,"column":67}},"23":{"start":{"line":71,"column":0},"end":{"line":77,"column":2}},"24":{"start":{"line":75,"column":4},"end":{"line":75,"column":58}},"25":{"start":{"line":79,"column":0},"end":{"line":79,"column":24}}},"fnMap":{"0":{"name":"(anonymous_0)","decl":{"start":{"line":14,"column":2},"end":{"line":14,"column":3}},"loc":{"start":{"line":14,"column":16},"end":{"line":16,"column":3}},"line":14},"1":{"name":"(anonymous_1)","decl":{"start":{"line":22,"column":2},"end":{"line":22,"column":3}},"loc":{"start":{"line":22,"column":16},"end":{"line":24,"column":3}},"line":22},"2":{"name":"(anonymous_2)","decl":{"start":{"line":30,"column":2},"end":{"line":30,"column":3}},"loc":{"start":{"line":30,"column":16},"end":{"line":32,"column":3}},"line":30},"3":{"name":"(anonymous_3)","decl":{"start":{"line":38,"column":2},"end":{"line":38,"column":3}},"loc":{"start":{"line":38,"column":16},"end":{"line":41,"column":3}},"line":38},"4":{"name":"(anonymous_4)","decl":{"start":{"line":47,"column":2},"end":{"line":47,"column":3}},"loc":{"start":{"line":47,"column":16},"end":{"line":49,"column":3}},"line":47},"5":{"name":"(anonymous_5)","decl":{"start":{"line":55,"column":2},"end":{"line":55,"column":3}},"loc":{"start":{"line":55,"column":16},"end":{"line":57,"column":3}},"line":55},"6":{"name":"(anonymous_6)","decl":{"start":{"line":65,"column":2},"end":{"line":65,"column":3}},"loc":{"start":{"line":65,"column":16},"end":{"line":68,"column":3}},"line":65},"7":{"name":"(anonymous_7)","decl":{"start":{"line":74,"column":2},"end":{"line":74,"column":3}},"loc":{"start":{"line":74,"column":16},"end":{"line":76,"column":3}},"line":74}},"branchMap":{},"s":{"0":1,"1":1,"2":1,"3":1,"4":1,"5":1,"6":1,"7":1,"8":1,"9":1,"10":1,"11":1,"12":1,"13":1,"14":1,"15":1,"16":1,"17":1,"18":1,"19":1,"20":1,"21":1,"22":1,"23":1,"24":1,"25":1},"f":{"0":1,"1":1,"2":1,"3":1,"4":1,"5":1,"6":1,"7":1},"b":{},"_coverageSchema":"1a1c01bbd47fc00a2c39e90264f33305004495a9","hash":"217c130fa95e4fd6242c5355ecc77108baec4ffc","contentHash":"73256ab9aaded93454c25580cec9403ca34bce73e01697dde5a3c5e9e16611ab"},"/Users/jilhenry/Documents/Programming/Node/F4B Projects/StackoverflowLite/domains/user/controllers/user.controller.js":{"path":"/Users/jilhenry/Documents/Programming/Node/F4B Projects/StackoverflowLite/domains/user/controllers/user.controller.js","statementMap":{"0":{"start":{"line":1,"column":28},"end":{"line":1,"column":69}},"1":{"start":{"line":2,"column":25},"end":{"line":2,"column":63}},"2":{"start":{"line":3,"column":26},"end":{"line":3,"column":65}},"3":{"start":{"line":4,"column":27},"end":{"line":4,"column":68}},"4":{"start":{"line":5,"column":25},"end":{"line":5,"column":67}},"5":{"start":{"line":6,"column":23},"end":{"line":6,"column":59}},"6":{"start":{"line":7,"column":26},"end":{"line":7,"column":65}},"7":{"start":{"line":8,"column":26},"end":{"line":8,"column":65}},"8":{"start":{"line":9,"column":27},"end":{"line":9,"column":93}},"9":{"start":{"line":11,"column":21},"end":{"line":11,"column":93}},"10":{"start":{"line":11,"column":40},"end":{"line":11,"column":93}},"11":{"start":{"line":13,"column":18},"end":{"line":13,"column":87}},"12":{"start":{"line":13,"column":37},"end":{"line":13,"column":87}},"13":{"start":{"line":15,"column":19},"end":{"line":15,"column":89}},"14":{"start":{"line":15,"column":38},"end":{"line":15,"column":89}},"15":{"start":{"line":17,"column":20},"end":{"line":17,"column":91}},"16":{"start":{"line":17,"column":39},"end":{"line":17,"column":91}},"17":{"start":{"line":19,"column":16},"end":{"line":19,"column":83}},"18":{"start":{"line":19,"column":35},"end":{"line":19,"column":83}},"19":{"start":{"line":21,"column":19},"end":{"line":21,"column":89}},"20":{"start":{"line":21,"column":38},"end":{"line":21,"column":89}},"21":{"start":{"line":23,"column":19},"end":{"line":23,"column":89}},"22":{"start":{"line":23,"column":38},"end":{"line":23,"column":89}},"23":{"start":{"line":25,"column":0},"end":{"line":34,"column":2}}},"fnMap":{"0":{"name":"(anonymous_0)","decl":{"start":{"line":11,"column":21},"end":{"line":11,"column":22}},"loc":{"start":{"line":11,"column":40},"end":{"line":11,"column":93}},"line":11},"1":{"name":"(anonymous_1)","decl":{"start":{"line":13,"column":18},"end":{"line":13,"column":19}},"loc":{"start":{"line":13,"column":37},"end":{"line":13,"column":87}},"line":13},"2":{"name":"(anonymous_2)","decl":{"start":{"line":15,"column":19},"end":{"line":15,"column":20}},"loc":{"start":{"line":15,"column":38},"end":{"line":15,"column":89}},"line":15},"3":{"name":"(anonymous_3)","decl":{"start":{"line":17,"column":20},"end":{"line":17,"column":21}},"loc":{"start":{"line":17,"column":39},"end":{"line":17,"column":91}},"line":17},"4":{"name":"(anonymous_4)","decl":{"start":{"line":19,"column":16},"end":{"line":19,"column":17}},"loc":{"start":{"line":19,"column":35},"end":{"line":19,"column":83}},"line":19},"5":{"name":"(anonymous_5)","decl":{"start":{"line":21,"column":19},"end":{"line":21,"column":20}},"loc":{"start":{"line":21,"column":38},"end":{"line":21,"column":89}},"line":21},"6":{"name":"(anonymous_6)","decl":{"start":{"line":23,"column":19},"end":{"line":23,"column":20}},"loc":{"start":{"line":23,"column":38},"end":{"line":23,"column":89}},"line":23}},"branchMap":{},"s":{"0":1,"1":1,"2":1,"3":1,"4":1,"5":1,"6":1,"7":1,"8":1,"9":1,"10":1,"11":1,"12":1,"13":1,"14":2,"15":1,"16":1,"17":1,"18":1,"19":1,"20":1,"21":1,"22":1,"23":1},"f":{"0":1,"1":1,"2":2,"3":1,"4":1,"5":1,"6":1},"b":{},"_coverageSchema":"1a1c01bbd47fc00a2c39e90264f33305004495a9","hash":"7fd1db907a6e38b1f5c2f6116d2064e93d6194cd","contentHash":"be0afa1bf24f183cf54b4b95d833bfcb4a50f2a6ab5ffbfcf0a4ec84b8aa06d5"},"/Users/jilhenry/Documents/Programming/Node/F4B Projects/StackoverflowLite/domains/user/user-services/register-user.js":{"path":"/Users/jilhenry/Documents/Programming/Node/F4B Projects/StackoverflowLite/domains/user/user-services/register-user.js","statementMap":{"0":{"start":{"line":1,"column":17},"end":{"line":1,"column":53}},"1":{"start":{"line":2,"column":24},"end":{"line":2,"column":63}},"2":{"start":{"line":3,"column":21},"end":{"line":3,"column":69}},"3":{"start":{"line":4,"column":22},"end":{"line":4,"column":65}},"4":{"start":{"line":5,"column":28},"end":{"line":5,"column":92}},"5":{"start":{"line":7,"column":22},"end":{"line":7,"column":61}},"6":{"start":{"line":7,"column":40},"end":{"line":7,"column":61}},"7":{"start":{"line":14,"column":17},"end":{"line":24,"column":1}},"8":{"start":{"line":15,"column":16},"end":{"line":17,"column":12}},"9":{"start":{"line":19,"column":15},"end":{"line":19,"column":48}},"10":{"start":{"line":21,"column":2},"end":{"line":21,"column":37}},"11":{"start":{"line":21,"column":13},"end":{"line":21,"column":37}},"12":{"start":{"line":23,"column":2},"end":{"line":23,"column":14}},"13":{"start":{"line":31,"column":21},"end":{"line":41,"column":1}},"14":{"start":{"line":32,"column":2},"end":{"line":40,"column":3}},"15":{"start":{"line":33,"column":17},"end":{"line":33,"column":42}},"16":{"start":{"line":35,"column":18},"end":{"line":35,"column":46}},"17":{"start":{"line":37,"column":4},"end":{"line":37,"column":82}},"18":{"start":{"line":39,"column":4},"end":{"line":39,"column":34}},"19":{"start":{"line":43,"column":0},"end":{"line":43,"column":30}}},"fnMap":{"0":{"name":"(anonymous_0)","decl":{"start":{"line":7,"column":22},"end":{"line":7,"column":23}},"loc":{"start":{"line":7,"column":40},"end":{"line":7,"column":61}},"line":7},"1":{"name":"(anonymous_1)","decl":{"start":{"line":14,"column":17},"end":{"line":14,"column":18}},"loc":{"start":{"line":14,"column":38},"end":{"line":24,"column":1}},"line":14},"2":{"name":"(anonymous_2)","decl":{"start":{"line":31,"column":21},"end":{"line":31,"column":22}},"loc":{"start":{"line":31,"column":42},"end":{"line":41,"column":1}},"line":31}},"branchMap":{"0":{"loc":{"start":{"line":21,"column":2},"end":{"line":21,"column":37}},"type":"if","locations":[{"start":{"line":21,"column":2},"end":{"line":21,"column":37}},{"start":{"line":21,"column":2},"end":{"line":21,"column":37}}],"line":21}},"s":{"0":1,"1":1,"2":1,"3":1,"4":1,"5":1,"6":2,"7":1,"8":3,"9":3,"10":2,"11":0,"12":2,"13":1,"14":3,"15":3,"16":2,"17":2,"18":1,"19":1},"f":{"0":2,"1":3,"2":3},"b":{"0":[0,2]},"_coverageSchema":"1a1c01bbd47fc00a2c39e90264f33305004495a9","hash":"86a5f060eff4baa6e97568a96206337e6b8b2d76","contentHash":"61653f112420f4eb5965986f4fcc10856419b3ae850d16e9d2d5681cb02c33de"},"/Users/jilhenry/Documents/Programming/Node/F4B Projects/StackoverflowLite/db/model-handler.js":{"path":"/Users/jilhenry/Documents/Programming/Node/F4B Projects/StackoverflowLite/db/model-handler.js","statementMap":{"0":{"start":{"line":1,"column":15},"end":{"line":1,"column":41}},"1":{"start":{"line":2,"column":13},"end":{"line":2,"column":37}},"2":{"start":{"line":3,"column":17},"end":{"line":3,"column":45}},"3":{"start":{"line":4,"column":13},"end":{"line":4,"column":37}},"4":{"start":{"line":5,"column":14},"end":{"line":5,"column":39}},"5":{"start":{"line":6,"column":16},"end":{"line":6,"column":43}},"6":{"start":{"line":8,"column":0},"end":{"line":15,"column":2}}},"fnMap":{},"branchMap":{},"s":{"0":1,"1":1,"2":1,"3":1,"4":1,"5":1,"6":1},"f":{},"b":{},"_coverageSchema":"1a1c01bbd47fc00a2c39e90264f33305004495a9","hash":"eecdddba29bed5b478992fd8d3631135547acba9","contentHash":"a5a5c210f47c0e0a2a5a03d152ee7228acbb1cb8e2dbb15759da8c56b00f219b"},"/Users/jilhenry/Documents/Programming/Node/F4B Projects/StackoverflowLite/db/models/Answer.js":{"path":"/Users/jilhenry/Documents/Programming/Node/F4B Projects/StackoverflowLite/db/models/Answer.js","statementMap":{"0":{"start":{"line":1,"column":22},"end":{"line":1,"column":42}},"1":{"start":{"line":2,"column":18},"end":{"line":2,"column":41}},"2":{"start":{"line":4,"column":15},"end":{"line":48,"column":1}},"3":{"start":{"line":50,"column":0},"end":{"line":50,"column":24}}},"fnMap":{},"branchMap":{},"s":{"0":1,"1":1,"2":1,"3":1},"f":{},"b":{},"_coverageSchema":"1a1c01bbd47fc00a2c39e90264f33305004495a9","hash":"c1e0440024617303b03b3d992350aec6e3f049d8","contentHash":"d82248dfdd01d4c9bfbc832f25073648cdb037b1ed9f2765188400257d4fe18d"},"/Users/jilhenry/Documents/Programming/Node/F4B Projects/StackoverflowLite/db/sequelize.js":{"path":"/Users/jilhenry/Documents/Programming/Node/F4B Projects/StackoverflowLite/db/sequelize.js","statementMap":{"0":{"start":{"line":1,"column":22},"end":{"line":1,"column":42}},"1":{"start":{"line":3,"column":0},"end":{"line":12,"column":2}}},"fnMap":{},"branchMap":{},"s":{"0":1,"1":1},"f":{},"b":{},"_coverageSchema":"1a1c01bbd47fc00a2c39e90264f33305004495a9","hash":"a63793f7e37338dd61df4e375adeaaa6dabf3a6e","contentHash":"a8814f5d161cec6d147a939529648bcd9038e95bec41ca1f855d7b764566a300"},"/Users/jilhenry/Documents/Programming/Node/F4B Projects/StackoverflowLite/db/models/Vote.js":{"path":"/Users/jilhenry/Documents/Programming/Node/F4B Projects/StackoverflowLite/db/models/Vote.js","statementMap":{"0":{"start":{"line":1,"column":22},"end":{"line":1,"column":42}},"1":{"start":{"line":2,"column":18},"end":{"line":2,"column":41}},"2":{"start":{"line":3,"column":22},"end":{"line":3,"column":53}},"3":{"start":{"line":5,"column":13},"end":{"line":42,"column":1}},"4":{"start":{"line":44,"column":0},"end":{"line":44,"column":22}}},"fnMap":{},"branchMap":{},"s":{"0":1,"1":1,"2":1,"3":1,"4":1},"f":{},"b":{},"_coverageSchema":"1a1c01bbd47fc00a2c39e90264f33305004495a9","hash":"4fdd53820fc5cae84c681ff4e581ccd5343435df","contentHash":"058d398d03ab9b5f3ffdfd31f130311ffa378506109c9e8358d356cb90ae22df"},"/Users/jilhenry/Documents/Programming/Node/F4B Projects/StackoverflowLite/util/constants.js":{"path":"/Users/jilhenry/Documents/Programming/Node/F4B Projects/StackoverflowLite/util/constants.js","statementMap":{"0":{"start":{"line":2,"column":22},"end":{"line":30,"column":1}},"1":{"start":{"line":32,"column":18},"end":{"line":36,"column":1}},"2":{"start":{"line":38,"column":19},"end":{"line":45,"column":1}},"3":{"start":{"line":47,"column":18},"end":{"line":50,"column":1}},"4":{"start":{"line":52,"column":0},"end":{"line":52,"column":69}}},"fnMap":{},"branchMap":{},"s":{"0":1,"1":1,"2":1,"3":1,"4":1},"f":{},"b":{},"_coverageSchema":"1a1c01bbd47fc00a2c39e90264f33305004495a9","hash":"9dfe7d6b583184a342eb63718f695eba7f4560f1","contentHash":"31ce259f8038e9c0a024c8f4b64f7a8480249afdf8334d6382f33773b13b22d3"},"/Users/jilhenry/Documents/Programming/Node/F4B Projects/StackoverflowLite/db/models/Question.js":{"path":"/Users/jilhenry/Documents/Programming/Node/F4B Projects/StackoverflowLite/db/models/Question.js","statementMap":{"0":{"start":{"line":1,"column":22},"end":{"line":1,"column":42}},"1":{"start":{"line":2,"column":18},"end":{"line":2,"column":41}},"2":{"start":{"line":4,"column":17},"end":{"line":44,"column":1}},"3":{"start":{"line":46,"column":0},"end":{"line":46,"column":26}}},"fnMap":{},"branchMap":{},"s":{"0":1,"1":1,"2":1,"3":1},"f":{},"b":{},"_coverageSchema":"1a1c01bbd47fc00a2c39e90264f33305004495a9","hash":"4c8632f7800652159c32b1d1720d028e3971ca33","contentHash":"e649c61bf372c3ef4ab7aac5179f07fe86dccaf74938aa511e81797fb87c46d9"},"/Users/jilhenry/Documents/Programming/Node/F4B Projects/StackoverflowLite/db/models/User.js":{"path":"/Users/jilhenry/Documents/Programming/Node/F4B Projects/StackoverflowLite/db/models/User.js","statementMap":{"0":{"start":{"line":1,"column":22},"end":{"line":1,"column":42}},"1":{"start":{"line":2,"column":18},"end":{"line":2,"column":41}},"2":{"start":{"line":4,"column":13},"end":{"line":29,"column":1}},"3":{"start":{"line":31,"column":0},"end":{"line":31,"column":22}}},"fnMap":{},"branchMap":{},"s":{"0":1,"1":1,"2":1,"3":1},"f":{},"b":{},"_coverageSchema":"1a1c01bbd47fc00a2c39e90264f33305004495a9","hash":"c406f47827b3b4c6f2fce7987142d8fcdf817c3a","contentHash":"d17ae7632872613710e97fcfbcdfe66e6961bdb5d47b05f7532aa9e2718837a9"},"/Users/jilhenry/Documents/Programming/Node/F4B Projects/StackoverflowLite/db/models/Token.js":{"path":"/Users/jilhenry/Documents/Programming/Node/F4B Projects/StackoverflowLite/db/models/Token.js","statementMap":{"0":{"start":{"line":1,"column":22},"end":{"line":1,"column":42}},"1":{"start":{"line":2,"column":18},"end":{"line":2,"column":41}},"2":{"start":{"line":4,"column":14},"end":{"line":25,"column":1}},"3":{"start":{"line":27,"column":0},"end":{"line":27,"column":23}}},"fnMap":{},"branchMap":{},"s":{"0":1,"1":1,"2":1,"3":1},"f":{},"b":{},"_coverageSchema":"1a1c01bbd47fc00a2c39e90264f33305004495a9","hash":"e8ea1eed3e8285e7f31d63d33879add80f6e5d43","contentHash":"74bd3794cebfdd2ef109807ffc55bd49384d42f1b17ef3b84aacb68ee04eaa47"},"/Users/jilhenry/Documents/Programming/Node/F4B Projects/StackoverflowLite/db/models/Comment.js":{"path":"/Users/jilhenry/Documents/Programming/Node/F4B Projects/StackoverflowLite/db/models/Comment.js","statementMap":{"0":{"start":{"line":1,"column":22},"end":{"line":1,"column":42}},"1":{"start":{"line":2,"column":18},"end":{"line":2,"column":41}},"2":{"start":{"line":4,"column":16},"end":{"line":43,"column":1}},"3":{"start":{"line":45,"column":0},"end":{"line":45,"column":25}}},"fnMap":{},"branchMap":{},"s":{"0":1,"1":1,"2":1,"3":1},"f":{},"b":{},"_coverageSchema":"1a1c01bbd47fc00a2c39e90264f33305004495a9","hash":"35b2d01daecf464fc60c6b62bfb98b316c7f9e11","contentHash":"1d2b73a2861b6c8ce500aa99b1e677be0b2b4c8a33653e593f58651f8a043a0c"},"/Users/jilhenry/Documents/Programming/Node/F4B Projects/StackoverflowLite/util/error-handlers.js":{"path":"/Users/jilhenry/Documents/Programming/Node/F4B Projects/StackoverflowLite/util/error-handlers.js","statementMap":{"0":{"start":{"line":3,"column":26},"end":{"line":3,"column":48}},"1":{"start":{"line":13,"column":4},"end":{"line":13,"column":19}},"2":{"start":{"line":14,"column":4},"end":{"line":14,"column":32}},"3":{"start":{"line":15,"column":4},"end":{"line":15,"column":21}},"4":{"start":{"line":16,"column":4},"end":{"line":16,"column":26}},"5":{"start":{"line":22,"column":4},"end":{"line":22,"column":39}},"6":{"start":{"line":28,"column":4},"end":{"line":28,"column":38}},"7":{"start":{"line":34,"column":4},"end":{"line":34,"column":46}},"8":{"start":{"line":40,"column":4},"end":{"line":40,"column":45}},"9":{"start":{"line":46,"column":4},"end":{"line":46,"column":36}},"10":{"start":{"line":52,"column":4},"end":{"line":52,"column":41}},"11":{"start":{"line":53,"column":4},"end":{"line":53,"column":28}},"12":{"start":{"line":57,"column":4},"end":{"line":57,"column":37}},"13":{"start":{"line":61,"column":0},"end":{"line":69,"column":2}}},"fnMap":{"0":{"name":"(anonymous_0)","decl":{"start":{"line":12,"column":2},"end":{"line":12,"column":3}},"loc":{"start":{"line":12,"column":35},"end":{"line":17,"column":3}},"line":12},"1":{"name":"(anonymous_1)","decl":{"start":{"line":21,"column":2},"end":{"line":21,"column":3}},"loc":{"start":{"line":21,"column":29},"end":{"line":23,"column":3}},"line":21},"2":{"name":"(anonymous_2)","decl":{"start":{"line":27,"column":2},"end":{"line":27,"column":3}},"loc":{"start":{"line":27,"column":63},"end":{"line":29,"column":3}},"line":27},"3":{"name":"(anonymous_3)","decl":{"start":{"line":33,"column":2},"end":{"line":33,"column":3}},"loc":{"start":{"line":33,"column":29},"end":{"line":35,"column":3}},"line":33},"4":{"name":"(anonymous_4)","decl":{"start":{"line":39,"column":2},"end":{"line":39,"column":3}},"loc":{"start":{"line":39,"column":29},"end":{"line":41,"column":3}},"line":39},"5":{"name":"(anonymous_5)","decl":{"start":{"line":45,"column":2},"end":{"line":45,"column":3}},"loc":{"start":{"line":45,"column":23},"end":{"line":47,"column":3}},"line":45},"6":{"name":"(anonymous_6)","decl":{"start":{"line":51,"column":2},"end":{"line":51,"column":3}},"loc":{"start":{"line":51,"column":23},"end":{"line":54,"column":3}},"line":51},"7":{"name":"(anonymous_7)","decl":{"start":{"line":56,"column":2},"end":{"line":56,"column":3}},"loc":{"start":{"line":56,"column":27},"end":{"line":58,"column":3}},"line":56}},"branchMap":{"0":{"loc":{"start":{"line":27,"column":14},"end":{"line":27,"column":24}},"type":"default-arg","locations":[{"start":{"line":27,"column":21},"end":{"line":27,"column":24}}],"line":27},"1":{"loc":{"start":{"line":27,"column":26},"end":{"line":27,"column":61}},"type":"default-arg","locations":[{"start":{"line":27,"column":36},"end":{"line":27,"column":61}}],"line":27}},"s":{"0":1,"1":130,"2":130,"3":130,"4":130,"5":32,"6":19,"7":4,"8":0,"9":0,"10":75,"11":75,"12":42,"13":1},"f":{"0":130,"1":32,"2":19,"3":4,"4":0,"5":0,"6":75,"7":42},"b":{"0":[19],"1":[19]},"_coverageSchema":"1a1c01bbd47fc00a2c39e90264f33305004495a9","hash":"c1db7bbec2adbd66996a047ab4549ba2e186734c","contentHash":"69e8fd0952d9dc2d042e8191cad7d80e713c2b5e118cae6d1406a53ddbf9af39"},"/Users/jilhenry/Documents/Programming/Node/F4B Projects/StackoverflowLite/db/query-helper/QueryBuilder.js":{"path":"/Users/jilhenry/Documents/Programming/Node/F4B Projects/StackoverflowLite/db/query-helper/QueryBuilder.js","statementMap":{"0":{"start":{"line":1,"column":23},"end":{"line":1,"column":59}},"1":{"start":{"line":2,"column":18},"end":{"line":2,"column":41}},"2":{"start":{"line":3,"column":14},"end":{"line":3,"column":32}},"3":{"start":{"line":7,"column":4},"end":{"line":7,"column":20}},"4":{"start":{"line":8,"column":4},"end":{"line":8,"column":20}},"5":{"start":{"line":12,"column":20},"end":{"line":12,"column":39}},"6":{"start":{"line":12,"column":40},"end":{"line":12,"column":52}},"7":{"start":{"line":15,"column":20},"end":{"line":15,"column":39}},"8":{"start":{"line":15,"column":40},"end":{"line":15,"column":52}},"9":{"start":{"line":18,"column":25},"end":{"line":18,"column":49}},"10":{"start":{"line":18,"column":50},"end":{"line":18,"column":62}},"11":{"start":{"line":21,"column":22},"end":{"line":21,"column":43}},"12":{"start":{"line":21,"column":44},"end":{"line":21,"column":56}},"13":{"start":{"line":24,"column":18},"end":{"line":24,"column":35}},"14":{"start":{"line":24,"column":36},"end":{"line":24,"column":48}},"15":{"start":{"line":27,"column":19},"end":{"line":27,"column":37}},"16":{"start":{"line":27,"column":38},"end":{"line":27,"column":50}},"17":{"start":{"line":30,"column":23},"end":{"line":30,"column":45}},"18":{"start":{"line":30,"column":46},"end":{"line":30,"column":58}},"19":{"start":{"line":33,"column":20},"end":{"line":33,"column":39}},"20":{"start":{"line":33,"column":40},"end":{"line":33,"column":52}},"21":{"start":{"line":36,"column":20},"end":{"line":36,"column":65}},"22":{"start":{"line":36,"column":42},"end":{"line":36,"column":65}},"23":{"start":{"line":36,"column":66},"end":{"line":36,"column":78}},"24":{"start":{"line":39,"column":21},"end":{"line":39,"column":41}},"25":{"start":{"line":39,"column":42},"end":{"line":39,"column":54}},"26":{"start":{"line":42,"column":20},"end":{"line":42,"column":39}},"27":{"start":{"line":42,"column":40},"end":{"line":42,"column":52}},"28":{"start":{"line":45,"column":26},"end":{"line":45,"column":51}},"29":{"start":{"line":45,"column":52},"end":{"line":45,"column":64}},"30":{"start":{"line":48,"column":4},"end":{"line":48,"column":62}},"31":{"start":{"line":48,"column":21},"end":{"line":48,"column":62}},"32":{"start":{"line":49,"column":4},"end":{"line":49,"column":34}},"33":{"start":{"line":53,"column":4},"end":{"line":53,"column":62}},"34":{"start":{"line":57,"column":4},"end":{"line":57,"column":53}},"35":{"start":{"line":66,"column":4},"end":{"line":71,"column":6}},"36":{"start":{"line":75,"column":0},"end":{"line":75,"column":30}}},"fnMap":{"0":{"name":"(anonymous_0)","decl":{"start":{"line":6,"column":2},"end":{"line":6,"column":3}},"loc":{"start":{"line":6,"column":16},"end":{"line":9,"column":3}},"line":6},"1":{"name":"(anonymous_1)","decl":{"start":{"line":12,"column":2},"end":{"line":12,"column":3}},"loc":{"start":{"line":12,"column":18},"end":{"line":12,"column":54}},"line":12},"2":{"name":"(anonymous_2)","decl":{"start":{"line":15,"column":2},"end":{"line":15,"column":3}},"loc":{"start":{"line":15,"column":18},"end":{"line":15,"column":54}},"line":15},"3":{"name":"(anonymous_3)","decl":{"start":{"line":18,"column":2},"end":{"line":18,"column":3}},"loc":{"start":{"line":18,"column":23},"end":{"line":18,"column":64}},"line":18},"4":{"name":"(anonymous_4)","decl":{"start":{"line":21,"column":2},"end":{"line":21,"column":3}},"loc":{"start":{"line":21,"column":20},"end":{"line":21,"column":58}},"line":21},"5":{"name":"(anonymous_5)","decl":{"start":{"line":24,"column":2},"end":{"line":24,"column":3}},"loc":{"start":{"line":24,"column":16},"end":{"line":24,"column":50}},"line":24},"6":{"name":"(anonymous_6)","decl":{"start":{"line":27,"column":2},"end":{"line":27,"column":3}},"loc":{"start":{"line":27,"column":17},"end":{"line":27,"column":52}},"line":27},"7":{"name":"(anonymous_7)","decl":{"start":{"line":30,"column":2},"end":{"line":30,"column":3}},"loc":{"start":{"line":30,"column":21},"end":{"line":30,"column":60}},"line":30},"8":{"name":"(anonymous_8)","decl":{"start":{"line":33,"column":2},"end":{"line":33,"column":3}},"loc":{"start":{"line":33,"column":18},"end":{"line":33,"column":54}},"line":33},"9":{"name":"(anonymous_9)","decl":{"start":{"line":36,"column":2},"end":{"line":36,"column":3}},"loc":{"start":{"line":36,"column":18},"end":{"line":36,"column":80}},"line":36},"10":{"name":"(anonymous_10)","decl":{"start":{"line":39,"column":2},"end":{"line":39,"column":3}},"loc":{"start":{"line":39,"column":19},"end":{"line":39,"column":56}},"line":39},"11":{"name":"(anonymous_11)","decl":{"start":{"line":42,"column":2},"end":{"line":42,"column":3}},"loc":{"start":{"line":42,"column":18},"end":{"line":42,"column":54}},"line":42},"12":{"name":"(anonymous_12)","decl":{"start":{"line":45,"column":2},"end":{"line":45,"column":3}},"loc":{"start":{"line":45,"column":24},"end":{"line":45,"column":66}},"line":45},"13":{"name":"(anonymous_13)","decl":{"start":{"line":47,"column":2},"end":{"line":47,"column":3}},"loc":{"start":{"line":47,"column":10},"end":{"line":50,"column":3}},"line":47},"14":{"name":"(anonymous_14)","decl":{"start":{"line":52,"column":2},"end":{"line":52,"column":3}},"loc":{"start":{"line":52,"column":39},"end":{"line":54,"column":3}},"line":52},"15":{"name":"(anonymous_15)","decl":{"start":{"line":56,"column":2},"end":{"line":56,"column":3}},"loc":{"start":{"line":56,"column":36},"end":{"line":58,"column":3}},"line":56},"16":{"name":"(anonymous_16)","decl":{"start":{"line":60,"column":2},"end":{"line":60,"column":3}},"loc":{"start":{"line":65,"column":4},"end":{"line":72,"column":3}},"line":65}},"branchMap":{"0":{"loc":{"start":{"line":36,"column":20},"end":{"line":36,"column":65}},"type":"if","locations":[{"start":{"line":36,"column":20},"end":{"line":36,"column":65}},{"start":{"line":36,"column":20},"end":{"line":36,"column":65}}],"line":36},"1":{"loc":{"start":{"line":48,"column":4},"end":{"line":48,"column":62}},"type":"if","locations":[{"start":{"line":48,"column":4},"end":{"line":48,"column":62}},{"start":{"line":48,"column":4},"end":{"line":48,"column":62}}],"line":48},"2":{"loc":{"start":{"line":63,"column":4},"end":{"line":63,"column":14}},"type":"default-arg","locations":[{"start":{"line":63,"column":12},"end":{"line":63,"column":14}}],"line":63},"3":{"loc":{"start":{"line":64,"column":4},"end":{"line":64,"column":20}},"type":"default-arg","locations":[{"start":{"line":64,"column":15},"end":{"line":64,"column":20}}],"line":64}},"s":{"0":1,"1":1,"2":1,"3":165,"4":165,"5":165,"6":165,"7":122,"8":122,"9":80,"10":80,"11":63,"12":63,"13":1,"14":1,"15":63,"16":63,"17":15,"18":15,"19":11,"20":11,"21":18,"22":6,"23":18,"24":26,"25":26,"26":26,"27":26,"28":10,"29":10,"30":165,"31":0,"32":165,"33":1,"34":2,"35":4,"36":1},"f":{"0":165,"1":165,"2":122,"3":80,"4":63,"5":1,"6":63,"7":15,"8":11,"9":18,"10":26,"11":26,"12":10,"13":165,"14":1,"15":2,"16":4},"b":{"0":[6,12],"1":[0,165],"2":[0],"3":[3]},"_coverageSchema":"1a1c01bbd47fc00a2c39e90264f33305004495a9","hash":"2409f50670b79cec4cc0a5945393a799198261ee","contentHash":"664aafe60dd4c1481f8eb9464234a179fd6e98b3f6467c600abfe227450eb586"},"/Users/jilhenry/Documents/Programming/Node/F4B Projects/StackoverflowLite/db/query-helper/Query.js":{"path":"/Users/jilhenry/Documents/Programming/Node/F4B Projects/StackoverflowLite/db/query-helper/Query.js","statementMap":{"0":{"start":{"line":3,"column":4},"end":{"line":3,"column":38}},"1":{"start":{"line":4,"column":4},"end":{"line":4,"column":34}},"2":{"start":{"line":5,"column":4},"end":{"line":5,"column":30}},"3":{"start":{"line":8,"column":24},"end":{"line":8,"column":64}},"4":{"start":{"line":10,"column":35},"end":{"line":10,"column":88}},"5":{"start":{"line":12,"column":32},"end":{"line":12,"column":80}},"6":{"start":{"line":14,"column":29},"end":{"line":14,"column":76}},"7":{"start":{"line":16,"column":31},"end":{"line":16,"column":80}},"8":{"start":{"line":18,"column":28},"end":{"line":18,"column":74}},"9":{"start":{"line":20,"column":24},"end":{"line":20,"column":64}},"10":{"start":{"line":23,"column":0},"end":{"line":23,"column":23}}},"fnMap":{"0":{"name":"(anonymous_0)","decl":{"start":{"line":2,"column":2},"end":{"line":2,"column":3}},"loc":{"start":{"line":2,"column":30},"end":{"line":6,"column":3}},"line":2},"1":{"name":"(anonymous_1)","decl":{"start":{"line":8,"column":2},"end":{"line":8,"column":3}},"loc":{"start":{"line":8,"column":22},"end":{"line":8,"column":66}},"line":8},"2":{"name":"(anonymous_2)","decl":{"start":{"line":10,"column":2},"end":{"line":10,"column":3}},"loc":{"start":{"line":10,"column":33},"end":{"line":10,"column":90}},"line":10},"3":{"name":"(anonymous_3)","decl":{"start":{"line":12,"column":2},"end":{"line":12,"column":3}},"loc":{"start":{"line":12,"column":30},"end":{"line":12,"column":82}},"line":12},"4":{"name":"(anonymous_4)","decl":{"start":{"line":14,"column":2},"end":{"line":14,"column":3}},"loc":{"start":{"line":14,"column":27},"end":{"line":14,"column":78}},"line":14},"5":{"name":"(anonymous_5)","decl":{"start":{"line":16,"column":2},"end":{"line":16,"column":3}},"loc":{"start":{"line":16,"column":29},"end":{"line":16,"column":82}},"line":16},"6":{"name":"(anonymous_6)","decl":{"start":{"line":18,"column":2},"end":{"line":18,"column":3}},"loc":{"start":{"line":18,"column":26},"end":{"line":18,"column":76}},"line":18},"7":{"name":"(anonymous_7)","decl":{"start":{"line":20,"column":2},"end":{"line":20,"column":3}},"loc":{"start":{"line":20,"column":22},"end":{"line":20,"column":66}},"line":20}},"branchMap":{},"s":{"0":165,"1":165,"2":165,"3":8,"4":45,"5":17,"6":20,"7":2,"8":18,"9":23,"10":1},"f":{"0":165,"1":8,"2":45,"3":17,"4":20,"5":2,"6":18,"7":23},"b":{},"_coverageSchema":"1a1c01bbd47fc00a2c39e90264f33305004495a9","hash":"b4f357731a32cecf22a1b9781b1e1cddce9b56f1","contentHash":"212c6e86cbcf70c3fd6018c0d9a10df3035ad2396ca1476359932b4d77549663"},"/Users/jilhenry/Documents/Programming/Node/F4B Projects/StackoverflowLite/domains/user/token-services/register-token.js":{"path":"/Users/jilhenry/Documents/Programming/Node/F4B Projects/StackoverflowLite/domains/user/token-services/register-token.js","statementMap":{"0":{"start":{"line":1,"column":18},"end":{"line":1,"column":54}},"1":{"start":{"line":2,"column":26},"end":{"line":2,"column":54}},"2":{"start":{"line":3,"column":24},"end":{"line":3,"column":63}},"3":{"start":{"line":4,"column":21},"end":{"line":4,"column":69}},"4":{"start":{"line":13,"column":25},"end":{"line":19,"column":1}},"5":{"start":{"line":14,"column":16},"end":{"line":14,"column":45}},"6":{"start":{"line":16,"column":2},"end":{"line":16,"column":38}},"7":{"start":{"line":16,"column":14},"end":{"line":16,"column":38}},"8":{"start":{"line":18,"column":2},"end":{"line":18,"column":27}},"9":{"start":{"line":27,"column":19},"end":{"line":37,"column":1}},"10":{"start":{"line":28,"column":16},"end":{"line":30,"column":12}},"11":{"start":{"line":32,"column":22},"end":{"line":32,"column":56}},"12":{"start":{"line":34,"column":2},"end":{"line":34,"column":44}},"13":{"start":{"line":34,"column":20},"end":{"line":34,"column":44}},"14":{"start":{"line":36,"column":2},"end":{"line":36,"column":27}},"15":{"start":{"line":46,"column":22},"end":{"line":60,"column":1}},"16":{"start":{"line":47,"column":2},"end":{"line":59,"column":3}},"17":{"start":{"line":48,"column":4},"end":{"line":48,"column":41}},"18":{"start":{"line":48,"column":17},"end":{"line":48,"column":41}},"19":{"start":{"line":50,"column":23},"end":{"line":50,"column":47}},"20":{"start":{"line":52,"column":18},"end":{"line":52,"column":46}},"21":{"start":{"line":54,"column":4},"end":{"line":54,"column":40}},"22":{"start":{"line":54,"column":16},"end":{"line":54,"column":40}},"23":{"start":{"line":56,"column":4},"end":{"line":56,"column":17}},"24":{"start":{"line":58,"column":4},"end":{"line":58,"column":28}},"25":{"start":{"line":62,"column":0},"end":{"line":62,"column":31}}},"fnMap":{"0":{"name":"(anonymous_0)","decl":{"start":{"line":13,"column":25},"end":{"line":13,"column":26}},"loc":{"start":{"line":13,"column":37},"end":{"line":19,"column":1}},"line":13},"1":{"name":"(anonymous_1)","decl":{"start":{"line":27,"column":19},"end":{"line":27,"column":20}},"loc":{"start":{"line":27,"column":41},"end":{"line":37,"column":1}},"line":27},"2":{"name":"(anonymous_2)","decl":{"start":{"line":46,"column":22},"end":{"line":46,"column":23}},"loc":{"start":{"line":46,"column":40},"end":{"line":60,"column":1}},"line":46}},"branchMap":{"0":{"loc":{"start":{"line":16,"column":2},"end":{"line":16,"column":38}},"type":"if","locations":[{"start":{"line":16,"column":2},"end":{"line":16,"column":38}},{"start":{"line":16,"column":2},"end":{"line":16,"column":38}}],"line":16},"1":{"loc":{"start":{"line":34,"column":2},"end":{"line":34,"column":44}},"type":"if","locations":[{"start":{"line":34,"column":2},"end":{"line":34,"column":44}},{"start":{"line":34,"column":2},"end":{"line":34,"column":44}}],"line":34},"2":{"loc":{"start":{"line":48,"column":4},"end":{"line":48,"column":41}},"type":"if","locations":[{"start":{"line":48,"column":4},"end":{"line":48,"column":41}},{"start":{"line":48,"column":4},"end":{"line":48,"column":41}}],"line":48},"3":{"loc":{"start":{"line":54,"column":4},"end":{"line":54,"column":40}},"type":"if","locations":[{"start":{"line":54,"column":4},"end":{"line":54,"column":40}},{"start":{"line":54,"column":4},"end":{"line":54,"column":40}}],"line":54}},"s":{"0":1,"1":1,"2":1,"3":1,"4":1,"5":4,"6":4,"7":0,"8":4,"9":1,"10":4,"11":4,"12":4,"13":0,"14":4,"15":1,"16":4,"17":4,"18":0,"19":4,"20":4,"21":4,"22":0,"23":4,"24":0,"25":1},"f":{"0":4,"1":4,"2":4},"b":{"0":[0,4],"1":[0,4],"2":[0,4],"3":[0,4]},"_coverageSchema":"1a1c01bbd47fc00a2c39e90264f33305004495a9","hash":"ac53a28f59fa37b6596c4d1326f7446ab367a951","contentHash":"9a039263b13fc288d0b6595d86c7f47738173002ac8a9acb39c29f2f4d760440"},"/Users/jilhenry/Documents/Programming/Node/F4B Projects/StackoverflowLite/domains/user/user-tokenizer.js":{"path":"/Users/jilhenry/Documents/Programming/Node/F4B Projects/StackoverflowLite/domains/user/user-tokenizer.js","statementMap":{"0":{"start":{"line":1,"column":21},"end":{"line":1,"column":44}},"1":{"start":{"line":3,"column":17},"end":{"line":3,"column":36}},"2":{"start":{"line":10,"column":0},"end":{"line":17,"column":2}},"3":{"start":{"line":11,"column":2},"end":{"line":16,"column":3}},"4":{"start":{"line":12,"column":4},"end":{"line":12,"column":36}},"5":{"start":{"line":12,"column":18},"end":{"line":12,"column":36}},"6":{"start":{"line":13,"column":4},"end":{"line":13,"column":74}},"7":{"start":{"line":15,"column":4},"end":{"line":15,"column":16}},"8":{"start":{"line":24,"column":0},"end":{"line":31,"column":2}},"9":{"start":{"line":25,"column":2},"end":{"line":30,"column":3}},"10":{"start":{"line":26,"column":4},"end":{"line":26,"column":34}},"11":{"start":{"line":26,"column":16},"end":{"line":26,"column":34}},"12":{"start":{"line":27,"column":4},"end":{"line":27,"column":48}},"13":{"start":{"line":29,"column":4},"end":{"line":29,"column":16}}},"fnMap":{"0":{"name":"(anonymous_0)","decl":{"start":{"line":10,"column":24},"end":{"line":10,"column":25}},"loc":{"start":{"line":10,"column":37},"end":{"line":17,"column":1}},"line":10},"1":{"name":"(anonymous_1)","decl":{"start":{"line":24,"column":21},"end":{"line":24,"column":22}},"loc":{"start":{"line":24,"column":32},"end":{"line":31,"column":1}},"line":24}},"branchMap":{"0":{"loc":{"start":{"line":12,"column":4},"end":{"line":12,"column":36}},"type":"if","locations":[{"start":{"line":12,"column":4},"end":{"line":12,"column":36}},{"start":{"line":12,"column":4},"end":{"line":12,"column":36}}],"line":12},"1":{"loc":{"start":{"line":26,"column":4},"end":{"line":26,"column":34}},"type":"if","locations":[{"start":{"line":26,"column":4},"end":{"line":26,"column":34}},{"start":{"line":26,"column":4},"end":{"line":26,"column":34}}],"line":26}},"s":{"0":1,"1":1,"2":1,"3":6,"4":6,"5":1,"6":5,"7":1,"8":1,"9":25,"10":25,"11":0,"12":25,"13":0},"f":{"0":6,"1":25},"b":{"0":[1,5],"1":[0,25]},"_coverageSchema":"1a1c01bbd47fc00a2c39e90264f33305004495a9","hash":"b29ebb3db4df31af7122fe2004a63d361b0dfb9b","contentHash":"2bf449495b5580e66c0c6055e910e3907ad828e898729dffc8e7862c522fa0d9"},"/Users/jilhenry/Documents/Programming/Node/F4B Projects/StackoverflowLite/util/service-handlers/services-error-handler.js":{"path":"/Users/jilhenry/Documents/Programming/Node/F4B Projects/StackoverflowLite/util/service-handlers/services-error-handler.js","statementMap":{"0":{"start":{"line":1,"column":26},"end":{"line":1,"column":49}},"1":{"start":{"line":2,"column":48},"end":{"line":2,"column":76}},"2":{"start":{"line":4,"column":28},"end":{"line":16,"column":1}},"3":{"start":{"line":5,"column":2},"end":{"line":7,"column":3}},"4":{"start":{"line":6,"column":4},"end":{"line":6,"column":63}},"5":{"start":{"line":9,"column":2},"end":{"line":9,"column":115}},"6":{"start":{"line":9,"column":59},"end":{"line":9,"column":115}},"7":{"start":{"line":11,"column":2},"end":{"line":11,"column":115}},"8":{"start":{"line":11,"column":66},"end":{"line":11,"column":115}},"9":{"start":{"line":13,"column":2},"end":{"line":13,"column":46}},"10":{"start":{"line":13,"column":33},"end":{"line":13,"column":46}},"11":{"start":{"line":15,"column":2},"end":{"line":15,"column":27}},"12":{"start":{"line":18,"column":0},"end":{"line":18,"column":37}}},"fnMap":{"0":{"name":"(anonymous_0)","decl":{"start":{"line":4,"column":28},"end":{"line":4,"column":29}},"loc":{"start":{"line":4,"column":39},"end":{"line":16,"column":1}},"line":4}},"branchMap":{"0":{"loc":{"start":{"line":5,"column":2},"end":{"line":7,"column":3}},"type":"if","locations":[{"start":{"line":5,"column":2},"end":{"line":7,"column":3}},{"start":{"line":5,"column":2},"end":{"line":7,"column":3}}],"line":5},"1":{"loc":{"start":{"line":9,"column":2},"end":{"line":9,"column":115}},"type":"if","locations":[{"start":{"line":9,"column":2},"end":{"line":9,"column":115}},{"start":{"line":9,"column":2},"end":{"line":9,"column":115}}],"line":9},"2":{"loc":{"start":{"line":11,"column":2},"end":{"line":11,"column":115}},"type":"if","locations":[{"start":{"line":11,"column":2},"end":{"line":11,"column":115}},{"start":{"line":11,"column":2},"end":{"line":11,"column":115}}],"line":11},"3":{"loc":{"start":{"line":11,"column":6},"end":{"line":11,"column":64}},"type":"binary-expr","locations":[{"start":{"line":11,"column":6},"end":{"line":11,"column":18}},{"start":{"line":11,"column":22},"end":{"line":11,"column":64}}],"line":11},"4":{"loc":{"start":{"line":13,"column":2},"end":{"line":13,"column":46}},"type":"if","locations":[{"start":{"line":13,"column":2},"end":{"line":13,"column":46}},{"start":{"line":13,"column":2},"end":{"line":13,"column":46}}],"line":13}},"s":{"0":1,"1":1,"2":1,"3":54,"4":4,"5":50,"6":5,"7":45,"8":0,"9":45,"10":33,"11":12,"12":1},"f":{"0":54},"b":{"0":[4,50],"1":[5,45],"2":[0,45],"3":[45,0],"4":[33,12]},"_coverageSchema":"1a1c01bbd47fc00a2c39e90264f33305004495a9","hash":"3876e2ab25b4867db1e8987ebf8c5ae055e75260","contentHash":"9a25677bc8fcf9cfb9a94f2efc676fffc4703bc799ea4d9696792fbcd14165d9"},"/Users/jilhenry/Documents/Programming/Node/F4B Projects/StackoverflowLite/domains/user/user-services/login-user.js":{"path":"/Users/jilhenry/Documents/Programming/Node/F4B Projects/StackoverflowLite/domains/user/user-services/login-user.js","statementMap":{"0":{"start":{"line":1,"column":15},"end":{"line":1,"column":32}},"1":{"start":{"line":2,"column":26},"end":{"line":2,"column":60}},"2":{"start":{"line":3,"column":32},"end":{"line":3,"column":71}},"3":{"start":{"line":4,"column":17},"end":{"line":4,"column":53}},"4":{"start":{"line":5,"column":22},"end":{"line":5,"column":65}},"5":{"start":{"line":6,"column":28},"end":{"line":6,"column":92}},"6":{"start":{"line":7,"column":21},"end":{"line":7,"column":69}},"7":{"start":{"line":9,"column":22},"end":{"line":9,"column":61}},"8":{"start":{"line":9,"column":40},"end":{"line":9,"column":61}},"9":{"start":{"line":11,"column":17},"end":{"line":23,"column":1}},"10":{"start":{"line":12,"column":16},"end":{"line":16,"column":12}},"11":{"start":{"line":18,"column":15},"end":{"line":18,"column":40}},"12":{"start":{"line":20,"column":2},"end":{"line":20,"column":78}},"13":{"start":{"line":20,"column":13},"end":{"line":20,"column":78}},"14":{"start":{"line":22,"column":2},"end":{"line":22,"column":14}},"15":{"start":{"line":26,"column":24},"end":{"line":26,"column":100}},"16":{"start":{"line":26,"column":60},"end":{"line":26,"column":100}},"17":{"start":{"line":34,"column":18},"end":{"line":50,"column":1}},"18":{"start":{"line":35,"column":2},"end":{"line":49,"column":3}},"19":{"start":{"line":36,"column":17},"end":{"line":36,"column":38}},"20":{"start":{"line":38,"column":30},"end":{"line":38,"column":79}},"21":{"start":{"line":40,"column":4},"end":{"line":40,"column":95}},"22":{"start":{"line":40,"column":27},"end":{"line":40,"column":95}},"23":{"start":{"line":42,"column":18},"end":{"line":42,"column":46}},"24":{"start":{"line":44,"column":4},"end":{"line":44,"column":25}},"25":{"start":{"line":46,"column":4},"end":{"line":46,"column":29}},"26":{"start":{"line":48,"column":4},"end":{"line":48,"column":34}},"27":{"start":{"line":52,"column":0},"end":{"line":52,"column":27}}},"fnMap":{"0":{"name":"(anonymous_0)","decl":{"start":{"line":9,"column":22},"end":{"line":9,"column":23}},"loc":{"start":{"line":9,"column":40},"end":{"line":9,"column":61}},"line":9},"1":{"name":"(anonymous_1)","decl":{"start":{"line":11,"column":17},"end":{"line":11,"column":18}},"loc":{"start":{"line":11,"column":34},"end":{"line":23,"column":1}},"line":11},"2":{"name":"(anonymous_2)","decl":{"start":{"line":26,"column":24},"end":{"line":26,"column":25}},"loc":{"start":{"line":26,"column":60},"end":{"line":26,"column":100}},"line":26},"3":{"name":"(anonymous_3)","decl":{"start":{"line":34,"column":18},"end":{"line":34,"column":19}},"loc":{"start":{"line":34,"column":59},"end":{"line":50,"column":1}},"line":34}},"branchMap":{"0":{"loc":{"start":{"line":20,"column":2},"end":{"line":20,"column":78}},"type":"if","locations":[{"start":{"line":20,"column":2},"end":{"line":20,"column":78}},{"start":{"line":20,"column":2},"end":{"line":20,"column":78}}],"line":20},"1":{"loc":{"start":{"line":34,"column":27},"end":{"line":34,"column":37}},"type":"default-arg","locations":[{"start":{"line":34,"column":35},"end":{"line":34,"column":37}}],"line":34},"2":{"loc":{"start":{"line":34,"column":39},"end":{"line":34,"column":52}},"type":"default-arg","locations":[{"start":{"line":34,"column":50},"end":{"line":34,"column":52}}],"line":34},"3":{"loc":{"start":{"line":40,"column":4},"end":{"line":40,"column":95}},"type":"if","locations":[{"start":{"line":40,"column":4},"end":{"line":40,"column":95}},{"start":{"line":40,"column":4},"end":{"line":40,"column":95}}],"line":40}},"s":{"0":1,"1":1,"2":1,"3":1,"4":1,"5":1,"6":1,"7":1,"8":2,"9":1,"10":4,"11":4,"12":4,"13":1,"14":3,"15":1,"16":3,"17":1,"18":4,"19":4,"20":3,"21":3,"22":1,"23":2,"24":2,"25":2,"26":2,"27":1},"f":{"0":2,"1":4,"2":3,"3":4},"b":{"0":[1,3],"1":[0],"2":[0],"3":[1,2]},"_coverageSchema":"1a1c01bbd47fc00a2c39e90264f33305004495a9","hash":"8c84c433c2ab5b9ff6e530e1844941e2c868e9da","contentHash":"04a409db43a62ca8a8f84b9ea05b82ce95ec5c70a6c6e79887548ff4c282096b"},"/Users/jilhenry/Documents/Programming/Node/F4B Projects/StackoverflowLite/domains/user/user-services/logout-user.js":{"path":"/Users/jilhenry/Documents/Programming/Node/F4B Projects/StackoverflowLite/domains/user/user-services/logout-user.js","statementMap":{"0":{"start":{"line":1,"column":20},"end":{"line":1,"column":61}},"1":{"start":{"line":2,"column":28},"end":{"line":2,"column":92}},"2":{"start":{"line":3,"column":25},"end":{"line":3,"column":64}},"3":{"start":{"line":11,"column":19},"end":{"line":23,"column":1}},"4":{"start":{"line":12,"column":2},"end":{"line":22,"column":3}},"5":{"start":{"line":13,"column":28},"end":{"line":13,"column":89}},"6":{"start":{"line":15,"column":4},"end":{"line":17,"column":5}},"7":{"start":{"line":16,"column":6},"end":{"line":16,"column":78}},"8":{"start":{"line":19,"column":4},"end":{"line":19,"column":55}},"9":{"start":{"line":21,"column":4},"end":{"line":21,"column":34}},"10":{"start":{"line":25,"column":0},"end":{"line":25,"column":28}}},"fnMap":{"0":{"name":"(anonymous_0)","decl":{"start":{"line":11,"column":19},"end":{"line":11,"column":20}},"loc":{"start":{"line":11,"column":67},"end":{"line":23,"column":1}},"line":11}},"branchMap":{"0":{"loc":{"start":{"line":11,"column":28},"end":{"line":11,"column":35}},"type":"default-arg","locations":[{"start":{"line":11,"column":33},"end":{"line":11,"column":35}}],"line":11},"1":{"loc":{"start":{"line":11,"column":37},"end":{"line":11,"column":47}},"type":"default-arg","locations":[{"start":{"line":11,"column":45},"end":{"line":11,"column":47}}],"line":11},"2":{"loc":{"start":{"line":11,"column":49},"end":{"line":11,"column":60}},"type":"default-arg","locations":[{"start":{"line":11,"column":55},"end":{"line":11,"column":60}}],"line":11},"3":{"loc":{"start":{"line":13,"column":28},"end":{"line":13,"column":89}},"type":"cond-expr","locations":[{"start":{"line":13,"column":34},"end":{"line":13,"column":62}},{"start":{"line":13,"column":65},"end":{"line":13,"column":89}}],"line":13},"4":{"loc":{"start":{"line":15,"column":4},"end":{"line":17,"column":5}},"type":"if","locations":[{"start":{"line":15,"column":4},"end":{"line":17,"column":5}},{"start":{"line":15,"column":4},"end":{"line":17,"column":5}}],"line":15}},"s":{"0":1,"1":1,"2":1,"3":1,"4":7,"5":7,"6":6,"7":2,"8":4,"9":3,"10":1},"f":{"0":7},"b":{"0":[0],"1":[1],"2":[2],"3":[4,3],"4":[2,4]},"_coverageSchema":"1a1c01bbd47fc00a2c39e90264f33305004495a9","hash":"a8c53fe26644f2085600d236f10f47a690fa8f23","contentHash":"a211aa93c5bb5fc043807b0af5e3753576468cdc49afa220a8490e098feb717d"},"/Users/jilhenry/Documents/Programming/Node/F4B Projects/StackoverflowLite/domains/user/token-services/remove-token.js":{"path":"/Users/jilhenry/Documents/Programming/Node/F4B Projects/StackoverflowLite/domains/user/token-services/remove-token.js","statementMap":{"0":{"start":{"line":1,"column":18},"end":{"line":1,"column":54}},"1":{"start":{"line":2,"column":24},"end":{"line":2,"column":63}},"2":{"start":{"line":3,"column":21},"end":{"line":3,"column":69}},"3":{"start":{"line":13,"column":20},"end":{"line":33,"column":1}},"4":{"start":{"line":14,"column":2},"end":{"line":32,"column":3}},"5":{"start":{"line":15,"column":4},"end":{"line":15,"column":34}},"6":{"start":{"line":15,"column":16},"end":{"line":15,"column":34}},"7":{"start":{"line":17,"column":18},"end":{"line":17,"column":20}},"8":{"start":{"line":19,"column":4},"end":{"line":20,"column":29}},"9":{"start":{"line":19,"column":16},"end":{"line":19,"column":38}},"10":{"start":{"line":20,"column":9},"end":{"line":20,"column":29}},"11":{"start":{"line":22,"column":18},"end":{"line":25,"column":14}},"12":{"start":{"line":27,"column":32},"end":{"line":27,"column":57}},"13":{"start":{"line":29,"column":4},"end":{"line":29,"column":31}},"14":{"start":{"line":31,"column":4},"end":{"line":31,"column":28}},"15":{"start":{"line":35,"column":0},"end":{"line":35,"column":29}}},"fnMap":{"0":{"name":"(anonymous_0)","decl":{"start":{"line":13,"column":20},"end":{"line":13,"column":21}},"loc":{"start":{"line":13,"column":45},"end":{"line":33,"column":1}},"line":13}},"branchMap":{"0":{"loc":{"start":{"line":15,"column":4},"end":{"line":15,"column":34}},"type":"if","locations":[{"start":{"line":15,"column":4},"end":{"line":15,"column":34}},{"start":{"line":15,"column":4},"end":{"line":15,"column":34}}],"line":15},"1":{"loc":{"start":{"line":19,"column":4},"end":{"line":20,"column":29}},"type":"if","locations":[{"start":{"line":19,"column":4},"end":{"line":20,"column":29}},{"start":{"line":19,"column":4},"end":{"line":20,"column":29}}],"line":19}},"s":{"0":1,"1":1,"2":1,"3":1,"4":7,"5":7,"6":1,"7":6,"8":6,"9":3,"10":3,"11":6,"12":6,"13":6,"14":1,"15":1},"f":{"0":7},"b":{"0":[1,6],"1":[3,3]},"_coverageSchema":"1a1c01bbd47fc00a2c39e90264f33305004495a9","hash":"c05fab7f897cc080c22b71626dd9e33d29315eb7","contentHash":"a7b2406add5734ec7b81d3939f44ddea5d04da0d5b00258355db16b2cb2e536f"},"/Users/jilhenry/Documents/Programming/Node/F4B Projects/StackoverflowLite/domains/user/user-services/get-this-user.js":{"path":"/Users/jilhenry/Documents/Programming/Node/F4B Projects/StackoverflowLite/domains/user/user-services/get-this-user.js","statementMap":{"0":{"start":{"line":2,"column":28},"end":{"line":2,"column":92}},"1":{"start":{"line":9,"column":20},"end":{"line":16,"column":1}},"2":{"start":{"line":10,"column":2},"end":{"line":15,"column":3}},"3":{"start":{"line":11,"column":4},"end":{"line":11,"column":51}},"4":{"start":{"line":11,"column":33},"end":{"line":11,"column":51}},"5":{"start":{"line":12,"column":4},"end":{"line":12,"column":50}},"6":{"start":{"line":14,"column":4},"end":{"line":14,"column":34}},"7":{"start":{"line":18,"column":0},"end":{"line":18,"column":29}}},"fnMap":{"0":{"name":"(anonymous_0)","decl":{"start":{"line":9,"column":20},"end":{"line":9,"column":21}},"loc":{"start":{"line":9,"column":72},"end":{"line":16,"column":1}},"line":9}},"branchMap":{"0":{"loc":{"start":{"line":9,"column":23},"end":{"line":9,"column":30}},"type":"default-arg","locations":[{"start":{"line":9,"column":28},"end":{"line":9,"column":30}}],"line":9},"1":{"loc":{"start":{"line":9,"column":32},"end":{"line":9,"column":41}},"type":"default-arg","locations":[{"start":{"line":9,"column":39},"end":{"line":9,"column":41}}],"line":9},"2":{"loc":{"start":{"line":9,"column":43},"end":{"line":9,"column":53}},"type":"default-arg","locations":[{"start":{"line":9,"column":51},"end":{"line":9,"column":53}}],"line":9},"3":{"loc":{"start":{"line":9,"column":55},"end":{"line":9,"column":65}},"type":"default-arg","locations":[{"start":{"line":9,"column":63},"end":{"line":9,"column":65}}],"line":9},"4":{"loc":{"start":{"line":11,"column":4},"end":{"line":11,"column":51}},"type":"if","locations":[{"start":{"line":11,"column":4},"end":{"line":11,"column":51}},{"start":{"line":11,"column":4},"end":{"line":11,"column":51}}],"line":11},"5":{"loc":{"start":{"line":11,"column":8},"end":{"line":11,"column":31}},"type":"binary-expr","locations":[{"start":{"line":11,"column":8},"end":{"line":11,"column":11}},{"start":{"line":11,"column":15},"end":{"line":11,"column":21}},{"start":{"line":11,"column":25},"end":{"line":11,"column":31}}],"line":11}},"s":{"0":1,"1":1,"2":5,"3":5,"4":3,"5":2,"6":3,"7":1},"f":{"0":5},"b":{"0":[1],"1":[0],"2":[1],"3":[1],"4":[3,2],"5":[5,4,3]},"_coverageSchema":"1a1c01bbd47fc00a2c39e90264f33305004495a9","hash":"1f4cae8bad35137169606e17925f1167e9159c67","contentHash":"93c820f7d758c1886f49f46b19db2786d7b5268e05c619e9573dc38a84d5941d"},"/Users/jilhenry/Documents/Programming/Node/F4B Projects/StackoverflowLite/domains/user/user-services/get-user-token.js":{"path":"/Users/jilhenry/Documents/Programming/Node/F4B Projects/StackoverflowLite/domains/user/user-services/get-user-token.js","statementMap":{"0":{"start":{"line":1,"column":32},"end":{"line":1,"column":71}},"1":{"start":{"line":2,"column":26},"end":{"line":2,"column":60}},"2":{"start":{"line":3,"column":25},"end":{"line":3,"column":84}},"3":{"start":{"line":4,"column":17},"end":{"line":4,"column":53}},"4":{"start":{"line":5,"column":21},"end":{"line":5,"column":69}},"5":{"start":{"line":15,"column":25},"end":{"line":29,"column":1}},"6":{"start":{"line":16,"column":16},"end":{"line":22,"column":12}},"7":{"start":{"line":24,"column":15},"end":{"line":24,"column":47}},"8":{"start":{"line":26,"column":2},"end":{"line":26,"column":76}},"9":{"start":{"line":26,"column":13},"end":{"line":26,"column":76}},"10":{"start":{"line":28,"column":2},"end":{"line":28,"column":14}},"11":{"start":{"line":31,"column":0},"end":{"line":31,"column":34}}},"fnMap":{"0":{"name":"(anonymous_0)","decl":{"start":{"line":15,"column":25},"end":{"line":15,"column":26}},"loc":{"start":{"line":15,"column":50},"end":{"line":29,"column":1}},"line":15}},"branchMap":{"0":{"loc":{"start":{"line":26,"column":2},"end":{"line":26,"column":76}},"type":"if","locations":[{"start":{"line":26,"column":2},"end":{"line":26,"column":76}},{"start":{"line":26,"column":2},"end":{"line":26,"column":76}}],"line":26}},"s":{"0":1,"1":1,"2":1,"3":1,"4":1,"5":1,"6":26,"7":26,"8":26,"9":2,"10":24,"11":1},"f":{"0":26},"b":{"0":[2,24]},"_coverageSchema":"1a1c01bbd47fc00a2c39e90264f33305004495a9","hash":"984f12c8a2fc0e8e23fe5d7fc530e0d04e9428fa","contentHash":"3ab68c3fb62c61e57934577eeb91873d9ae1c55a6b248ccea9e6e206d5114d8e"},"/Users/jilhenry/Documents/Programming/Node/F4B Projects/StackoverflowLite/db/query-helper/include-query-constants.js":{"path":"/Users/jilhenry/Documents/Programming/Node/F4B Projects/StackoverflowLite/db/query-helper/include-query-constants.js","statementMap":{"0":{"start":{"line":1,"column":42},"end":{"line":1,"column":69}},"1":{"start":{"line":2,"column":21},"end":{"line":2,"column":46}},"2":{"start":{"line":5,"column":0},"end":{"line":5,"column":86}},"3":{"start":{"line":7,"column":0},"end":{"line":7,"column":95}},"4":{"start":{"line":9,"column":20},"end":{"line":9,"column":82}},"5":{"start":{"line":11,"column":0},"end":{"line":11,"column":91}},"6":{"start":{"line":13,"column":0},"end":{"line":13,"column":90}}},"fnMap":{},"branchMap":{},"s":{"0":1,"1":1,"2":1,"3":1,"4":1,"5":1,"6":1},"f":{},"b":{},"_coverageSchema":"1a1c01bbd47fc00a2c39e90264f33305004495a9","hash":"811ae2c7d4d9038421d53755a9c5c19ce8d0f0d2","contentHash":"ca3b7f2bfe9518a182e6c3501b73ddf44557097819a81515e18d08dbd5ec3050"},"/Users/jilhenry/Documents/Programming/Node/F4B Projects/StackoverflowLite/domains/user/user-services/get-user.js":{"path":"/Users/jilhenry/Documents/Programming/Node/F4B Projects/StackoverflowLite/domains/user/user-services/get-user.js","statementMap":{"0":{"start":{"line":2,"column":42},"end":{"line":2,"column":81}},"1":{"start":{"line":3,"column":22},"end":{"line":3,"column":63}},"2":{"start":{"line":4,"column":26},"end":{"line":4,"column":60}},"3":{"start":{"line":5,"column":17},"end":{"line":5,"column":53}},"4":{"start":{"line":6,"column":21},"end":{"line":6,"column":69}},"5":{"start":{"line":7,"column":28},"end":{"line":7,"column":92}},"6":{"start":{"line":14,"column":16},"end":{"line":31,"column":1}},"7":{"start":{"line":15,"column":2},"end":{"line":30,"column":3}},"8":{"start":{"line":16,"column":4},"end":{"line":16,"column":75}},"9":{"start":{"line":16,"column":24},"end":{"line":16,"column":75}},"10":{"start":{"line":18,"column":18},"end":{"line":21,"column":14}},"11":{"start":{"line":23,"column":17},"end":{"line":23,"column":45}},"12":{"start":{"line":25,"column":4},"end":{"line":25,"column":60}},"13":{"start":{"line":25,"column":15},"end":{"line":25,"column":60}},"14":{"start":{"line":27,"column":4},"end":{"line":27,"column":16}},"15":{"start":{"line":29,"column":4},"end":{"line":29,"column":34}},"16":{"start":{"line":33,"column":0},"end":{"line":33,"column":25}}},"fnMap":{"0":{"name":"(anonymous_0)","decl":{"start":{"line":14,"column":16},"end":{"line":14,"column":17}},"loc":{"start":{"line":14,"column":30},"end":{"line":31,"column":1}},"line":14}},"branchMap":{"0":{"loc":{"start":{"line":16,"column":4},"end":{"line":16,"column":75}},"type":"if","locations":[{"start":{"line":16,"column":4},"end":{"line":16,"column":75}},{"start":{"line":16,"column":4},"end":{"line":16,"column":75}}],"line":16},"1":{"loc":{"start":{"line":25,"column":4},"end":{"line":25,"column":60}},"type":"if","locations":[{"start":{"line":25,"column":4},"end":{"line":25,"column":60}},{"start":{"line":25,"column":4},"end":{"line":25,"column":60}}],"line":25}},"s":{"0":1,"1":1,"2":1,"3":1,"4":1,"5":1,"6":1,"7":6,"8":6,"9":1,"10":5,"11":5,"12":5,"13":1,"14":4,"15":2,"16":1},"f":{"0":6},"b":{"0":[1,5],"1":[1,4]},"_coverageSchema":"1a1c01bbd47fc00a2c39e90264f33305004495a9","hash":"6fb9437aed69974e9f4774bec92c88a53f8d31a9","contentHash":"506150a35f82537b378250711b993d540945e34ac2f86e738a84b18b548e525c"},"/Users/jilhenry/Documents/Programming/Node/F4B Projects/StackoverflowLite/util/field-validators.js":{"path":"/Users/jilhenry/Documents/Programming/Node/F4B Projects/StackoverflowLite/util/field-validators.js","statementMap":{"0":{"start":{"line":2,"column":18},"end":{"line":2,"column":38}},"1":{"start":{"line":4,"column":0},"end":{"line":4,"column":68}},"2":{"start":{"line":4,"column":33},"end":{"line":4,"column":67}},"3":{"start":{"line":6,"column":0},"end":{"line":6,"column":57}},"4":{"start":{"line":6,"column":30},"end":{"line":6,"column":56}},"5":{"start":{"line":8,"column":0},"end":{"line":8,"column":58}},"6":{"start":{"line":8,"column":31},"end":{"line":8,"column":57}},"7":{"start":{"line":11,"column":0},"end":{"line":13,"column":2}},"8":{"start":{"line":12,"column":2},"end":{"line":12,"column":121}},"9":{"start":{"line":15,"column":0},"end":{"line":15,"column":61}},"10":{"start":{"line":15,"column":35},"end":{"line":15,"column":59}},"11":{"start":{"line":17,"column":0},"end":{"line":17,"column":104}},"12":{"start":{"line":17,"column":51},"end":{"line":17,"column":102}}},"fnMap":{"0":{"name":"(anonymous_0)","decl":{"start":{"line":4,"column":22},"end":{"line":4,"column":23}},"loc":{"start":{"line":4,"column":33},"end":{"line":4,"column":67}},"line":4},"1":{"name":"(anonymous_1)","decl":{"start":{"line":6,"column":19},"end":{"line":6,"column":20}},"loc":{"start":{"line":6,"column":30},"end":{"line":6,"column":56}},"line":6},"2":{"name":"(anonymous_2)","decl":{"start":{"line":8,"column":20},"end":{"line":8,"column":21}},"loc":{"start":{"line":8,"column":31},"end":{"line":8,"column":57}},"line":8},"3":{"name":"(anonymous_3)","decl":{"start":{"line":11,"column":26},"end":{"line":11,"column":27}},"loc":{"start":{"line":11,"column":37},"end":{"line":13,"column":1}},"line":11},"4":{"name":"(anonymous_4)","decl":{"start":{"line":15,"column":23},"end":{"line":15,"column":24}},"loc":{"start":{"line":15,"column":35},"end":{"line":15,"column":59}},"line":15},"5":{"name":"(anonymous_5)","decl":{"start":{"line":17,"column":23},"end":{"line":17,"column":24}},"loc":{"start":{"line":17,"column":51},"end":{"line":17,"column":102}},"line":17}},"branchMap":{"0":{"loc":{"start":{"line":12,"column":11},"end":{"line":12,"column":119}},"type":"binary-expr","locations":[{"start":{"line":12,"column":11},"end":{"line":12,"column":70}},{"start":{"line":12,"column":74},"end":{"line":12,"column":119}}],"line":12}},"s":{"0":1,"1":1,"2":52,"3":1,"4":10,"5":1,"6":66,"7":1,"8":22,"9":1,"10":22,"11":1,"12":10},"f":{"0":52,"1":10,"2":66,"3":22,"4":22,"5":10},"b":{"0":[22,19]},"_coverageSchema":"1a1c01bbd47fc00a2c39e90264f33305004495a9","hash":"ca6d42eff139b9b153cf2bddb1c5d5192617d737","contentHash":"23fab068ab605a3616908d7d1525165416a04fd7c3b40683edb99df454d8ff0d"},"/Users/jilhenry/Documents/Programming/Node/F4B Projects/StackoverflowLite/domains/user/user-services/update-user.js":{"path":"/Users/jilhenry/Documents/Programming/Node/F4B Projects/StackoverflowLite/domains/user/user-services/update-user.js","statementMap":{"0":{"start":{"line":1,"column":17},"end":{"line":1,"column":53}},"1":{"start":{"line":2,"column":25},"end":{"line":2,"column":64}},"2":{"start":{"line":3,"column":26},"end":{"line":3,"column":60}},"3":{"start":{"line":4,"column":16},"end":{"line":4,"column":37}},"4":{"start":{"line":5,"column":29},"end":{"line":5,"column":93}},"5":{"start":{"line":6,"column":21},"end":{"line":6,"column":69}},"6":{"start":{"line":13,"column":19},"end":{"line":28,"column":1}},"7":{"start":{"line":14,"column":2},"end":{"line":27,"column":3}},"8":{"start":{"line":15,"column":18},"end":{"line":18,"column":14}},"9":{"start":{"line":20,"column":21},"end":{"line":20,"column":58}},"10":{"start":{"line":22,"column":4},"end":{"line":22,"column":80}},"11":{"start":{"line":22,"column":25},"end":{"line":22,"column":80}},"12":{"start":{"line":24,"column":4},"end":{"line":24,"column":36}},"13":{"start":{"line":26,"column":4},"end":{"line":26,"column":35}},"14":{"start":{"line":30,"column":0},"end":{"line":30,"column":28}}},"fnMap":{"0":{"name":"(anonymous_0)","decl":{"start":{"line":13,"column":19},"end":{"line":13,"column":20}},"loc":{"start":{"line":13,"column":37},"end":{"line":28,"column":1}},"line":13}},"branchMap":{"0":{"loc":{"start":{"line":22,"column":4},"end":{"line":22,"column":80}},"type":"if","locations":[{"start":{"line":22,"column":4},"end":{"line":22,"column":80}},{"start":{"line":22,"column":4},"end":{"line":22,"column":80}}],"line":22}},"s":{"0":1,"1":1,"2":1,"3":1,"4":1,"5":1,"6":1,"7":4,"8":4,"9":4,"10":3,"11":1,"12":2,"13":2,"14":1},"f":{"0":4},"b":{"0":[1,2]},"_coverageSchema":"1a1c01bbd47fc00a2c39e90264f33305004495a9","hash":"f377da21275e37f3a293d30d412a931459d9db51","contentHash":"ad10beef0e442159094be733d70327188579b8aae1c50bd8c93a3914ade25001"},"/Users/jilhenry/Documents/Programming/Node/F4B Projects/StackoverflowLite/domains/user/user-services/delete-user.js":{"path":"/Users/jilhenry/Documents/Programming/Node/F4B Projects/StackoverflowLite/domains/user/user-services/delete-user.js","statementMap":{"0":{"start":{"line":1,"column":17},"end":{"line":1,"column":53}},"1":{"start":{"line":2,"column":21},"end":{"line":2,"column":69}},"2":{"start":{"line":3,"column":26},"end":{"line":3,"column":60}},"3":{"start":{"line":4,"column":25},"end":{"line":4,"column":64}},"4":{"start":{"line":5,"column":29},"end":{"line":5,"column":93}},"5":{"start":{"line":12,"column":19},"end":{"line":24,"column":1}},"6":{"start":{"line":13,"column":2},"end":{"line":23,"column":3}},"7":{"start":{"line":14,"column":18},"end":{"line":14,"column":76}},"8":{"start":{"line":16,"column":32},"end":{"line":16,"column":57}},"9":{"start":{"line":18,"column":4},"end":{"line":18,"column":88}},"10":{"start":{"line":18,"column":33},"end":{"line":18,"column":88}},"11":{"start":{"line":20,"column":4},"end":{"line":20,"column":14}},"12":{"start":{"line":22,"column":4},"end":{"line":22,"column":35}},"13":{"start":{"line":26,"column":0},"end":{"line":26,"column":28}}},"fnMap":{"0":{"name":"(anonymous_0)","decl":{"start":{"line":12,"column":19},"end":{"line":12,"column":20}},"loc":{"start":{"line":12,"column":37},"end":{"line":24,"column":1}},"line":12}},"branchMap":{"0":{"loc":{"start":{"line":18,"column":4},"end":{"line":18,"column":88}},"type":"if","locations":[{"start":{"line":18,"column":4},"end":{"line":18,"column":88}},{"start":{"line":18,"column":4},"end":{"line":18,"column":88}}],"line":18}},"s":{"0":1,"1":1,"2":1,"3":1,"4":1,"5":1,"6":3,"7":3,"8":3,"9":3,"10":1,"11":2,"12":1,"13":1},"f":{"0":3},"b":{"0":[1,2]},"_coverageSchema":"1a1c01bbd47fc00a2c39e90264f33305004495a9","hash":"7babaddc315de67dc885d5310825e71cabe8331e","contentHash":"73c938269d821d9db8dff63217cffc24a1b10410fb53a784e4eae25272122f84"},"/Users/jilhenry/Documents/Programming/Node/F4B Projects/StackoverflowLite/util/service-handlers/service-response-handler.js":{"path":"/Users/jilhenry/Documents/Programming/Node/F4B Projects/StackoverflowLite/util/service-handlers/service-response-handler.js","statementMap":{"0":{"start":{"line":1,"column":31},"end":{"line":4,"column":1}},"1":{"start":{"line":2,"column":26},"end":{"line":2,"column":48}},"2":{"start":{"line":3,"column":2},"end":{"line":3,"column":91}},"3":{"start":{"line":6,"column":0},"end":{"line":6,"column":40}}},"fnMap":{"0":{"name":"(anonymous_0)","decl":{"start":{"line":1,"column":31},"end":{"line":1,"column":32}},"loc":{"start":{"line":1,"column":72},"end":{"line":4,"column":1}},"line":1}},"branchMap":{"0":{"loc":{"start":{"line":3,"column":23},"end":{"line":3,"column":58}},"type":"binary-expr","locations":[{"start":{"line":3,"column":23},"end":{"line":3,"column":43}},{"start":{"line":3,"column":47},"end":{"line":3,"column":58}}],"line":3}},"s":{"0":1,"1":25,"2":25,"3":1},"f":{"0":25},"b":{"0":[25,25]},"_coverageSchema":"1a1c01bbd47fc00a2c39e90264f33305004495a9","hash":"ebe426c638c3a1ec1608fa98ce8094b438194391","contentHash":"cb60c067ad5c8c23acfb3fb570f0932c07fabcfea99a637e3dad08dba0ac551f"},"/Users/jilhenry/Documents/Programming/Node/F4B Projects/StackoverflowLite/middlewares/auth.js":{"path":"/Users/jilhenry/Documents/Programming/Node/F4B Projects/StackoverflowLite/middlewares/auth.js","statementMap":{"0":{"start":{"line":2,"column":72},"end":{"line":2,"column":105}},"1":{"start":{"line":3,"column":23},"end":{"line":3,"column":64}},"2":{"start":{"line":4,"column":26},"end":{"line":4,"column":54}},"3":{"start":{"line":5,"column":29},"end":{"line":5,"column":83}},"4":{"start":{"line":6,"column":22},"end":{"line":6,"column":57}},"5":{"start":{"line":8,"column":24},"end":{"line":13,"column":1}},"6":{"start":{"line":9,"column":16},"end":{"line":9,"column":49}},"7":{"start":{"line":10,"column":18},"end":{"line":10,"column":35}},"8":{"start":{"line":11,"column":2},"end":{"line":11,"column":79}},"9":{"start":{"line":11,"column":16},"end":{"line":11,"column":79}},"10":{"start":{"line":12,"column":2},"end":{"line":12,"column":30}},"11":{"start":{"line":15,"column":0},"end":{"line":36,"column":2}},"12":{"start":{"line":16,"column":2},"end":{"line":35,"column":3}},"13":{"start":{"line":17,"column":23},"end":{"line":17,"column":50}},"14":{"start":{"line":19,"column":4},"end":{"line":19,"column":84}},"15":{"start":{"line":19,"column":21},"end":{"line":19,"column":84}},"16":{"start":{"line":21,"column":31},"end":{"line":21,"column":58}},"17":{"start":{"line":23,"column":4},"end":{"line":23,"column":83}},"18":{"start":{"line":23,"column":32},"end":{"line":23,"column":83}},"19":{"start":{"line":25,"column":26},"end":{"line":25,"column":67}},"20":{"start":{"line":27,"column":32},"end":{"line":27,"column":45}},"21":{"start":{"line":29,"column":4},"end":{"line":29,"column":70}},"22":{"start":{"line":31,"column":4},"end":{"line":31,"column":11}},"23":{"start":{"line":33,"column":4},"end":{"line":34,"column":56}},"24":{"start":{"line":33,"column":31},"end":{"line":33,"column":65}},"25":{"start":{"line":34,"column":9},"end":{"line":34,"column":56}}},"fnMap":{"0":{"name":"(anonymous_0)","decl":{"start":{"line":8,"column":24},"end":{"line":8,"column":25}},"loc":{"start":{"line":8,"column":40},"end":{"line":13,"column":1}},"line":8},"1":{"name":"(anonymous_1)","decl":{"start":{"line":15,"column":17},"end":{"line":15,"column":18}},"loc":{"start":{"line":15,"column":43},"end":{"line":36,"column":1}},"line":15}},"branchMap":{"0":{"loc":{"start":{"line":11,"column":2},"end":{"line":11,"column":79}},"type":"if","locations":[{"start":{"line":11,"column":2},"end":{"line":11,"column":79}},{"start":{"line":11,"column":2},"end":{"line":11,"column":79}}],"line":11},"1":{"loc":{"start":{"line":19,"column":4},"end":{"line":19,"column":84}},"type":"if","locations":[{"start":{"line":19,"column":4},"end":{"line":19,"column":84}},{"start":{"line":19,"column":4},"end":{"line":19,"column":84}}],"line":19},"2":{"loc":{"start":{"line":23,"column":4},"end":{"line":23,"column":83}},"type":"if","locations":[{"start":{"line":23,"column":4},"end":{"line":23,"column":83}},{"start":{"line":23,"column":4},"end":{"line":23,"column":83}}],"line":23},"3":{"loc":{"start":{"line":33,"column":4},"end":{"line":34,"column":56}},"type":"if","locations":[{"start":{"line":33,"column":4},"end":{"line":34,"column":56}},{"start":{"line":33,"column":4},"end":{"line":34,"column":56}}],"line":33}},"s":{"0":1,"1":1,"2":1,"3":1,"4":1,"5":1,"6":23,"7":23,"8":23,"9":0,"10":23,"11":1,"12":23,"13":23,"14":23,"15":0,"16":23,"17":23,"18":0,"19":23,"20":23,"21":23,"22":23,"23":0,"24":0,"25":0},"f":{"0":23,"1":23},"b":{"0":[0,23],"1":[0,23],"2":[0,23],"3":[0,0]},"_coverageSchema":"1a1c01bbd47fc00a2c39e90264f33305004495a9","hash":"35911f4230054fc8b46bf57a77761d4474cc7ca4","contentHash":"6b0f66e876bb1c857095e1e48a4890f5b38f680f59999f334d897c005b8c9e28"},"/Users/jilhenry/Documents/Programming/Node/F4B Projects/StackoverflowLite/middlewares/user/user-req-formatters.js":{"path":"/Users/jilhenry/Documents/Programming/Node/F4B Projects/StackoverflowLite/middlewares/user/user-req-formatters.js","statementMap":{"0":{"start":{"line":1,"column":25},"end":{"line":1,"column":80}},"1":{"start":{"line":2,"column":36},"end":{"line":2,"column":73}},"2":{"start":{"line":4,"column":0},"end":{"line":8,"column":2}},"3":{"start":{"line":5,"column":24},"end":{"line":5,"column":56}},"4":{"start":{"line":7,"column":2},"end":{"line":7,"column":64}}},"fnMap":{"0":{"name":"(anonymous_0)","decl":{"start":{"line":4,"column":31},"end":{"line":4,"column":32}},"loc":{"start":{"line":4,"column":57},"end":{"line":8,"column":1}},"line":4}},"branchMap":{},"s":{"0":1,"1":1,"2":1,"3":2,"4":2},"f":{"0":2},"b":{},"_coverageSchema":"1a1c01bbd47fc00a2c39e90264f33305004495a9","hash":"998ac714ec96497ac87e598aec53df3ae08d98cb","contentHash":"77b97328d83691afdaeb1ef6585ecebf274d15527e430a4c84ec5d40e95b117c"},"/Users/jilhenry/Documents/Programming/Node/F4B Projects/StackoverflowLite/formatters/user/user-profile.formatter.js":{"path":"/Users/jilhenry/Documents/Programming/Node/F4B Projects/StackoverflowLite/formatters/user/user-profile.formatter.js","statementMap":{"0":{"start":{"line":1,"column":15},"end":{"line":1,"column":32}},"1":{"start":{"line":2,"column":24},"end":{"line":2,"column":60}},"2":{"start":{"line":10,"column":26},"end":{"line":16,"column":1}},"3":{"start":{"line":11,"column":25},"end":{"line":11,"column":56}},"4":{"start":{"line":13,"column":2},"end":{"line":13,"column":41}},"5":{"start":{"line":13,"column":23},"end":{"line":13,"column":41}},"6":{"start":{"line":15,"column":2},"end":{"line":15,"column":24}},"7":{"start":{"line":23,"column":0},"end":{"line":35,"column":2}},"8":{"start":{"line":24,"column":2},"end":{"line":34,"column":3}},"9":{"start":{"line":25,"column":26},"end":{"line":25,"column":28}},"10":{"start":{"line":27,"column":4},"end":{"line":27,"column":40}},"11":{"start":{"line":27,"column":14},"end":{"line":27,"column":40}},"12":{"start":{"line":28,"column":4},"end":{"line":28,"column":43}},"13":{"start":{"line":28,"column":15},"end":{"line":28,"column":43}},"14":{"start":{"line":29,"column":4},"end":{"line":29,"column":77}},"15":{"start":{"line":29,"column":18},"end":{"line":29,"column":77}},"16":{"start":{"line":31,"column":4},"end":{"line":31,"column":25}},"17":{"start":{"line":33,"column":4},"end":{"line":33,"column":101}}},"fnMap":{"0":{"name":"(anonymous_0)","decl":{"start":{"line":10,"column":26},"end":{"line":10,"column":27}},"loc":{"start":{"line":10,"column":46},"end":{"line":16,"column":1}},"line":10},"1":{"name":"(anonymous_1)","decl":{"start":{"line":23,"column":17},"end":{"line":23,"column":18}},"loc":{"start":{"line":23,"column":69},"end":{"line":35,"column":1}},"line":23}},"branchMap":{"0":{"loc":{"start":{"line":13,"column":2},"end":{"line":13,"column":41}},"type":"if","locations":[{"start":{"line":13,"column":2},"end":{"line":13,"column":41}},{"start":{"line":13,"column":2},"end":{"line":13,"column":41}}],"line":13},"1":{"loc":{"start":{"line":23,"column":26},"end":{"line":23,"column":35}},"type":"default-arg","locations":[{"start":{"line":23,"column":33},"end":{"line":23,"column":35}}],"line":23},"2":{"loc":{"start":{"line":23,"column":37},"end":{"line":23,"column":47}},"type":"default-arg","locations":[{"start":{"line":23,"column":45},"end":{"line":23,"column":47}}],"line":23},"3":{"loc":{"start":{"line":23,"column":49},"end":{"line":23,"column":62}},"type":"default-arg","locations":[{"start":{"line":23,"column":60},"end":{"line":23,"column":62}}],"line":23},"4":{"loc":{"start":{"line":27,"column":4},"end":{"line":27,"column":40}},"type":"if","locations":[{"start":{"line":27,"column":4},"end":{"line":27,"column":40}},{"start":{"line":27,"column":4},"end":{"line":27,"column":40}}],"line":27},"5":{"loc":{"start":{"line":28,"column":4},"end":{"line":28,"column":43}},"type":"if","locations":[{"start":{"line":28,"column":4},"end":{"line":28,"column":43}},{"start":{"line":28,"column":4},"end":{"line":28,"column":43}}],"line":28},"6":{"loc":{"start":{"line":29,"column":4},"end":{"line":29,"column":77}},"type":"if","locations":[{"start":{"line":29,"column":4},"end":{"line":29,"column":77}},{"start":{"line":29,"column":4},"end":{"line":29,"column":77}}],"line":29}},"s":{"0":1,"1":1,"2":1,"3":2,"4":2,"5":0,"6":2,"7":1,"8":3,"9":3,"10":3,"11":3,"12":3,"13":2,"14":3,"15":2,"16":3,"17":0},"f":{"0":2,"1":3},"b":{"0":[0,2],"1":[0],"2":[1],"3":[1],"4":[3,0],"5":[2,1],"6":[2,1]},"_coverageSchema":"1a1c01bbd47fc00a2c39e90264f33305004495a9","hash":"d75f06d01e08999217b3aba299046bc36d6fa2a0","contentHash":"fb8523eeb2c78627fe98ea38cabc535d985731b3af5d61e90c6abad04df0090e"},"/Users/jilhenry/Documents/Programming/Node/F4B Projects/StackoverflowLite/util/request-handler.js":{"path":"/Users/jilhenry/Documents/Programming/Node/F4B Projects/StackoverflowLite/util/request-handler.js","statementMap":{"0":{"start":{"line":1,"column":28},"end":{"line":1,"column":55}},"1":{"start":{"line":3,"column":24},"end":{"line":7,"column":1}},"2":{"start":{"line":4,"column":19},"end":{"line":4,"column":37}},"3":{"start":{"line":6,"column":2},"end":{"line":6,"column":54}},"4":{"start":{"line":9,"column":32},"end":{"line":15,"column":1}},"5":{"start":{"line":10,"column":2},"end":{"line":10,"column":91}},"6":{"start":{"line":10,"column":26},"end":{"line":10,"column":91}},"7":{"start":{"line":12,"column":2},"end":{"line":12,"column":36}},"8":{"start":{"line":14,"column":2},"end":{"line":14,"column":16}},"9":{"start":{"line":17,"column":26},"end":{"line":32,"column":1}},"10":{"start":{"line":18,"column":2},"end":{"line":31,"column":3}},"11":{"start":{"line":19,"column":30},"end":{"line":19,"column":44}},"12":{"start":{"line":21,"column":4},"end":{"line":25,"column":5}},"13":{"start":{"line":22,"column":6},"end":{"line":22,"column":64}},"14":{"start":{"line":24,"column":6},"end":{"line":24,"column":79}},"15":{"start":{"line":27,"column":4},"end":{"line":27,"column":18}},"16":{"start":{"line":29,"column":18},"end":{"line":29,"column":48}},"17":{"start":{"line":30,"column":4},"end":{"line":30,"column":53}},"18":{"start":{"line":34,"column":0},"end":{"line":38,"column":2}}},"fnMap":{"0":{"name":"(anonymous_0)","decl":{"start":{"line":3,"column":24},"end":{"line":3,"column":25}},"loc":{"start":{"line":3,"column":53},"end":{"line":7,"column":1}},"line":3},"1":{"name":"(anonymous_1)","decl":{"start":{"line":9,"column":32},"end":{"line":9,"column":33}},"loc":{"start":{"line":9,"column":67},"end":{"line":15,"column":1}},"line":9},"2":{"name":"(anonymous_2)","decl":{"start":{"line":17,"column":26},"end":{"line":17,"column":27}},"loc":{"start":{"line":17,"column":57},"end":{"line":32,"column":1}},"line":17}},"branchMap":{"0":{"loc":{"start":{"line":10,"column":2},"end":{"line":10,"column":91}},"type":"if","locations":[{"start":{"line":10,"column":2},"end":{"line":10,"column":91}},{"start":{"line":10,"column":2},"end":{"line":10,"column":91}}],"line":10},"1":{"loc":{"start":{"line":21,"column":4},"end":{"line":25,"column":5}},"type":"if","locations":[{"start":{"line":21,"column":4},"end":{"line":25,"column":5}},{"start":{"line":21,"column":4},"end":{"line":25,"column":5}}],"line":21}},"s":{"0":1,"1":1,"2":25,"3":25,"4":1,"5":13,"6":0,"7":13,"8":13,"9":1,"10":19,"11":19,"12":19,"13":0,"14":0,"15":19,"16":0,"17":0,"18":1},"f":{"0":25,"1":13,"2":19},"b":{"0":[0,13],"1":[0,19]},"_coverageSchema":"1a1c01bbd47fc00a2c39e90264f33305004495a9","hash":"54d2f281b08d5217b158c2869e485efc19d5bb08","contentHash":"9d5b180882e6aadf6dc1468a037b2a10c9ffb768e52b624da7d76719b00697c5"},"/Users/jilhenry/Documents/Programming/Node/F4B Projects/StackoverflowLite/middlewares/user/user-req-validators.js":{"path":"/Users/jilhenry/Documents/Programming/Node/F4B Projects/StackoverflowLite/middlewares/user/user-req-validators.js","statementMap":{"0":{"start":{"line":1,"column":26},"end":{"line":1,"column":82}},"1":{"start":{"line":2,"column":23},"end":{"line":2,"column":76}},"2":{"start":{"line":3,"column":28},"end":{"line":3,"column":82}},"3":{"start":{"line":4,"column":30},"end":{"line":4,"column":67}},"4":{"start":{"line":6,"column":0},"end":{"line":8,"column":2}},"5":{"start":{"line":7,"column":2},"end":{"line":7,"column":60}},"6":{"start":{"line":10,"column":0},"end":{"line":12,"column":2}},"7":{"start":{"line":11,"column":2},"end":{"line":11,"column":57}},"8":{"start":{"line":14,"column":0},"end":{"line":16,"column":2}},"9":{"start":{"line":15,"column":2},"end":{"line":15,"column":62}}},"fnMap":{"0":{"name":"(anonymous_0)","decl":{"start":{"line":6,"column":32},"end":{"line":6,"column":3
[...]
:{"loc":{"start":{"line":13,"column":2},"end":{"line":13,"column":97}},"type":"if","locations":[{"start":{"line":13,"column":2},"end":{"line":13,"column":97}},{"start":{"line":13,"column":2},"end":{"line":13,"column":97}}],"line":13},"9":{"loc":{"start":{"line":13,"column":6},"end":{"line":13,"column":31}},"type":"binary-expr","locations":[{"start":{"line":13,"column":6},"end":{"line":13,"column":11}},{"start":{"line":13,"column":15},"end":{"line":13,"column":31}}],"line":13},"10":{"loc":{"start":{"line":15,"column":2},"end":{"line":17,"column":3}},"type":"if","locations":[{"start":{"line":15,"column":2},"end":{"line":17,"column":3}},{"start":{"line":15,"column":2},"end":{"line":17,"column":3}}],"line":15},"11":{"loc":{"start":{"line":15,"column":6},"end":{"line":15,"column":45}},"type":"binary-expr","locations":[{"start":{"line":15,"column":6},"end":{"line":15,"column":10}},{"start":{"line":15,"column":14},"end":{"line":15,"column":45}}],"line":15}},"s":{"0":1,"1":1,"2":1,"3":1,"4":11,"5":11,"6":1,"7":11,"8":1,"9":11,"10":1,"11":11,"12":1,"13":11,"14":1},"f":{"0":11},"b":{"0":[4],"1":[6],"2":[6],"3":[6],"4":[1,10],"5":[11,7],"6":[1,10],"7":[11,5],"8":[1,10],"9":[11,5],"10":[1,10],"11":[11,5]},"_coverageSchema":"1a1c01bbd47fc00a2c39e90264f33305004495a9","hash":"a9daa85d926df36d655a3e81f451d63957846be4","contentHash":"6799716188bb570faeb2987cef4671ee7e36794dff2156a4d060160e30b4d73d"},"/Users/jilhenry/Documents/Programming/Node/F4B Projects/StackoverflowLite/middlewares/answer/answer-req-validators.js":{"path":"/Users/jilhenry/Documents/Programming/Node/F4B Projects/StackoverflowLite/middlewares/answer/answer-req-validators.js","statementMap":{"0":{"start":{"line":1,"column":30},"end":{"line":1,"column":67}},"1":{"start":{"line":2,"column":55},"end":{"line":2,"column":98}},"2":{"start":{"line":3,"column":28},"end":{"line":3,"column":84}},"3":{"start":{"line":4,"column":29},"end":{"line":4,"column":65}},"4":{"start":{"line":5,"column":25},"end":{"line":5,"column":56}},"5":{"start":{"line":6,"column":28},"end":{"line":6,"column":84}},"6":{"start":{"line":8,"column":0},"end":{"line":12,"column":2}},"7":{"start":{"line":9,"column":18},"end":{"line":9,"column":69}},"8":{"start":{"line":11,"column":2},"end":{"line":11,"column":61}},"9":{"start":{"line":14,"column":0},"end":{"line":18,"column":2}},"10":{"start":{"line":15,"column":18},"end":{"line":15,"column":53}},"11":{"start":{"line":17,"column":2},"end":{"line":17,"column":62}},"12":{"start":{"line":20,"column":0},"end":{"line":20,"column":44}},"13":{"start":{"line":22,"column":0},"end":{"line":24,"column":2}},"14":{"start":{"line":23,"column":2},"end":{"line":23,"column":64}},"15":{"start":{"line":26,"column":0},"end":{"line":30,"column":2}},"16":{"start":{"line":27,"column":18},"end":{"line":27,"column":65}},"17":{"start":{"line":29,"column":2},"end":{"line":29,"column":61}},"18":{"start":{"line":32,"column":0},"end":{"line":32,"column":52}},"19":{"start":{"line":33,"column":0},"end":{"line":33,"column":52}}},"fnMap":{"0":{"name":"(anonymous_0)","decl":{"start":{"line":8,"column":30},"end":{"line":8,"column":31}},"loc":{"start":{"line":8,"column":50},"end":{"line":12,"column":1}},"line":8},"1":{"name":"(anonymous_1)","decl":{"start":{"line":14,"column":38},"end":{"line":14,"column":39}},"loc":{"start":{"line":14,"column":58},"end":{"line":18,"column":1}},"line":14},"2":{"name":"(anonymous_2)","decl":{"start":{"line":22,"column":34},"end":{"line":22,"column":35}},"loc":{"start":{"line":22,"column":54},"end":{"line":24,"column":1}},"line":22},"3":{"name":"(anonymous_3)","decl":{"start":{"line":26,"column":30},"end":{"line":26,"column":31}},"loc":{"start":{"line":26,"column":50},"end":{"line":30,"column":1}},"line":26}},"branchMap":{},"s":{"0":1,"1":1,"2":1,"3":1,"4":1,"5":1,"6":1,"7":2,"8":2,"9":1,"10":1,"11":1,"12":1,"13":1,"14":1,"15":1,"16":0,"17":0,"18":1,"19":1},"f":{"0":2,"1":1,"2":1,"3":0},"b":{},"_coverageSchema":"1a1c01bbd47fc00a2c39e90264f33305004495a9","hash":"7be410a6144c4ec90c4bced2ca1cde3669a154ee","contentHash":"4ed4b55f702a0f8f0e81c9cc42f4dbcc3719ceb022c3f0bab016254f68b6702b"},"/Users/jilhenry/Documents/Programming/Node/F4B Projects/StackoverflowLite/middlewares/comment/comment-req-validator.js":{"path":"/Users/jilhenry/Documents/Programming/Node/F4B Projects/StackoverflowLite/middlewares/comment/comment-req-validator.js","statementMap":{"0":{"start":{"line":1,"column":30},"end":{"line":1,"column":67}},"1":{"start":{"line":2,"column":29},"end":{"line":2,"column":87}},"2":{"start":{"line":3,"column":29},"end":{"line":3,"column":65}},"3":{"start":{"line":4,"column":25},"end":{"line":4,"column":56}},"4":{"start":{"line":6,"column":0},"end":{"line":10,"column":2}},"5":{"start":{"line":7,"column":18},"end":{"line":7,"column":71}},"6":{"start":{"line":9,"column":2},"end":{"line":9,"column":62}},"7":{"start":{"line":12,"column":0},"end":{"line":16,"column":2}},"8":{"start":{"line":13,"column":18},"end":{"line":13,"column":53}},"9":{"start":{"line":15,"column":2},"end":{"line":15,"column":62}},"10":{"start":{"line":18,"column":0},"end":{"line":18,"column":44}}},"fnMap":{"0":{"name":"(anonymous_0)","decl":{"start":{"line":6,"column":31},"end":{"line":6,"column":32}},"loc":{"start":{"line":6,"column":51},"end":{"line":10,"column":1}},"line":6},"1":{"name":"(anonymous_1)","decl":{"start":{"line":12,"column":31},"end":{"line":12,"column":32}},"loc":{"start":{"line":12,"column":51},"end":{"line":16,"column":1}},"line":12}},"branchMap":{},"s":{"0":1,"1":1,"2":1,"3":1,"4":1,"5":2,"6":2,"7":1,"8":1,"9":1,"10":1},"f":{"0":2,"1":1},"b":{},"_coverageSchema":"1a1c01bbd47fc00a2c39e90264f33305004495a9","hash":"cd91460189c34c15b4ee828a70191272ae84146c","contentHash":"7af430c3730232d5f560719d774a74bf7cdcb32cf384f489906b9a3ba40e0b40"},"/Users/jilhenry/Documents/Programming/Node/F4B Projects/StackoverflowLite/validators/comment/post-comment.validator.js":{"path":"/Users/jilhenry/Documents/Programming/Node/F4B Projects/StackoverflowLite/validators/comment/post-comment.validator.js","statementMap":{"0":{"start":{"line":1,"column":26},"end":{"line":1,"column":57}},"1":{"start":{"line":2,"column":28},"end":{"line":2,"column":64}},"2":{"start":{"line":3,"column":35},"end":{"line":3,"column":73}},"3":{"start":{"line":5,"column":28},"end":{"line":13,"column":1}},"4":{"start":{"line":6,"column":25},"end":{"line":6,"column":46}},"5":{"start":{"line":8,"column":2},"end":{"line":8,"column":94}},"6":{"start":{"line":8,"column":29},"end":{"line":8,"column":94}},"7":{"start":{"line":10,"column":2},"end":{"line":10,"column":88}},"8":{"start":{"line":10,"column":27},"end":{"line":10,"column":88}},"9":{"start":{"line":12,"column":2},"end":{"line":12,"column":24}},"10":{"start":{"line":15,"column":0},"end":{"line":15,"column":37}}},"fnMap":{"0":{"name":"(anonymous_0)","decl":{"start":{"line":5,"column":28},"end":{"line":5,"column":29}},"loc":{"start":{"line":5,"column":64},"end":{"line":13,"column":1}},"line":5}},"branchMap":{"0":{"loc":{"start":{"line":5,"column":31},"end":{"line":5,"column":43}},"type":"default-arg","locations":[{"start":{"line":5,"column":41},"end":{"line":5,"column":43}}],"line":5},"1":{"loc":{"start":{"line":5,"column":45},"end":{"line":5,"column":57}},"type":"default-arg","locations":[{"start":{"line":5,"column":55},"end":{"line":5,"column":57}}],"line":5},"2":{"loc":{"start":{"line":8,"column":2},"end":{"line":8,"column":94}},"type":"if","locations":[{"start":{"line":8,"column":2},"end":{"line":8,"column":94}},{"start":{"line":8,"column":2},"end":{"line":8,"column":94}}],"line":8},"3":{"loc":{"start":{"line":10,"column":2},"end":{"line":10,"column":88}},"type":"if","locations":[{"start":{"line":10,"column":2},"end":{"line":10,"column":88}},{"start":{"line":10,"column":2},"end":{"line":10,"column":88}}],"line":10}},"s":{"0":1,"1":1,"2":1,"3":1,"4":7,"5":7,"6":2,"7":7,"8":2,"9":7,"10":1},"f":{"0":7},"b":{"0":[1],"1":[2],"2":[2,5],"3":[2,5]},"_coverageSchema":"1a1c01bbd47fc00a2c39e90264f33305004495a9","hash":"013aca44d99b08beacd3994d177b59eeb029bb3f","contentHash":"9933516dbf91c91004b6cf7fb431407f2de522504704dcc29b0ca57f4fa7a7b4"},"/Users/jilhenry/Documents/Programming/Node/F4B Projects/StackoverflowLite/validators/answer/post-answer.validator.js":{"path":"/Users/jilhenry/Documents/Programming/Node/F4B Projects/StackoverflowLite/validators/answer/post-answer.validator.js","statementMap":{"0":{"start":{"line":1,"column":26},"end":{"line":1,"column":57}},"1":{"start":{"line":2,"column":28},"end":{"line":2,"column":64}},"2":{"start":{"line":3,"column":35},"end":{"line":3,"column":73}},"3":{"start":{"line":5,"column":28},"end":{"line":13,"column":1}},"4":{"start":{"line":6,"column":25},"end":{"line":6,"column":46}},"5":{"start":{"line":8,"column":2},"end":{"line":8,"column":92}},"6":{"start":{"line":8,"column":28},"end":{"line":8,"column":92}},"7":{"start":{"line":10,"column":2},"end":{"line":10,"column":88}},"8":{"start":{"line":10,"column":27},"end":{"line":10,"column":88}},"9":{"start":{"line":12,"column":2},"end":{"line":12,"column":24}},"10":{"start":{"line":15,"column":0},"end":{"line":15,"column":37}}},"fnMap":{"0":{"name":"(anonymous_0)","decl":{"start":{"line":5,"column":28},"end":{"line":5,"column":29}},"loc":{"start":{"line":5,"column":63},"end":{"line":13,"column":1}},"line":5}},"branchMap":{"0":{"loc":{"start":{"line":5,"column":31},"end":{"line":5,"column":42}},"type":"default-arg","locations":[{"start":{"line":5,"column":40},"end":{"line":5,"column":42}}],"line":5},"1":{"loc":{"start":{"line":5,"column":44},"end":{"line":5,"column":56}},"type":"default-arg","locations":[{"start":{"line":5,"column":54},"end":{"line":5,"column":56}}],"line":5},"2":{"loc":{"start":{"line":8,"column":2},"end":{"line":8,"column":92}},"type":"if","locations":[{"start":{"line":8,"column":2},"end":{"line":8,"column":92}},{"start":{"line":8,"column":2},"end":{"line":8,"column":92}}],"line":8},"3":{"loc":{"start":{"line":10,"column":2},"end":{"line":10,"column":88}},"type":"if","locations":[{"start":{"line":10,"column":2},"end":{"line":10,"column":88}},{"start":{"line":10,"column":2},"end":{"line":10,"column":88}}],"line":10}},"s":{"0":1,"1":1,"2":1,"3":1,"4":7,"5":7,"6":2,"7":7,"8":2,"9":7,"10":1},"f":{"0":7},"b":{"0":[1],"1":[1],"2":[2,5],"3":[2,5]},"_coverageSchema":"1a1c01bbd47fc00a2c39e90264f33305004495a9","hash":"a630c091c7788f5fa3472b190e76f1c3cdbc4933","contentHash":"1189d43524b2bc61735eef146db99fc0f24a50c1b1491e3740aee93d8c714d6f"},"/Users/jilhenry/Documents/Programming/Node/F4B Projects/StackoverflowLite/validators/answer/vote-answer.validator.js":{"path":"/Users/jilhenry/Documents/Programming/Node/F4B Projects/StackoverflowLite/validators/answer/vote-answer.validator.js","statementMap":{"0":{"start":{"line":2,"column":37},"end":{"line":2,"column":68}},"1":{"start":{"line":3,"column":28},"end":{"line":3,"column":64}},"2":{"start":{"line":4,"column":36},"end":{"line":4,"column":74}},"3":{"start":{"line":6,"column":28},"end":{"line":14,"column":1}},"4":{"start":{"line":7,"column":25},"end":{"line":7,"column":46}},"5":{"start":{"line":9,"column":2},"end":{"line":9,"column":84}},"6":{"start":{"line":9,"column":22},"end":{"line":9,"column":84}},"7":{"start":{"line":11,"column":2},"end":{"line":11,"column":119}},"8":{"start":{"line":11,"column":57},"end":{"line":11,"column":119}},"9":{"start":{"line":13,"column":2},"end":{"line":13,"column":24}},"10":{"start":{"line":16,"column":0},"end":{"line":16,"column":37}}},"fnMap":{"0":{"name":"(anonymous_0)","decl":{"start":{"line":6,"column":28},"end":{"line":6,"column":29}},"loc":{"start":{"line":6,"column":60},"end":{"line":14,"column":1}},"line":6}},"branchMap":{"0":{"loc":{"start":{"line":6,"column":31},"end":{"line":6,"column":38}},"type":"default-arg","locations":[{"start":{"line":6,"column":36},"end":{"line":6,"column":38}}],"line":6},"1":{"loc":{"start":{"line":6,"column":40},"end":{"line":6,"column":53}},"type":"default-arg","locations":[{"start":{"line":6,"column":51},"end":{"line":6,"column":53}}],"line":6},"2":{"loc":{"start":{"line":9,"column":2},"end":{"line":9,"column":84}},"type":"if","locations":[{"start":{"line":9,"column":2},"end":{"line":9,"column":84}},{"start":{"line":9,"column":2},"end":{"line":9,"column":84}}],"line":9},"3":{"loc":{"start":{"line":11,"column":2},"end":{"line":11,"column":119}},"type":"if","locations":[{"start":{"line":11,"column":2},"end":{"line":11,"column":119}},{"start":{"line":11,"column":2},"end":{"line":11,"column":119}}],"line":11}},"s":{"0":1,"1":1,"2":1,"3":1,"4":5,"5":5,"6":2,"7":5,"8":2,"9":5,"10":1},"f":{"0":5},"b":{"0":[1],"1":[1],"2":[2,3],"3":[2,3]},"_coverageSchema":"1a1c01bbd47fc00a2c39e90264f33305004495a9","hash":"96fa564dda64921ca94f68bb67963765f9e6ddc7","contentHash":"37632c58ba0ed3b556237451cbac173ed59d4217ab1f9f379faa1569e5ca9304"},"/Users/jilhenry/Documents/Programming/Node/F4B Projects/StackoverflowLite/domains/answer/routers/answer.router.js":{"path":"/Users/jilhenry/Documents/Programming/Node/F4B Projects/StackoverflowLite/domains/answer/routers/answer.router.js","statementMap":{"0":{"start":{"line":1,"column":16},"end":{"line":1,"column":34}},"1":{"start":{"line":2,"column":28},"end":{"line":2,"column":68}},"2":{"start":{"line":3,"column":19},"end":{"line":3,"column":61}},"3":{"start":{"line":4,"column":18},"end":{"line":4,"column":78}},"4":{"start":{"line":5,"column":18},"end":{"line":5,"column":77}},"5":{"start":{"line":6,"column":13},"end":{"line":6,"column":49}},"6":{"start":{"line":8,"column":15},"end":{"line":8,"column":31}},"7":{"start":{"line":10,"column":0},"end":{"line":18,"column":2}},"8":{"start":{"line":16,"column":4},"end":{"line":16,"column":67}},"9":{"start":{"line":20,"column":0},"end":{"line":28,"column":2}},"10":{"start":{"line":26,"column":4},"end":{"line":26,"column":69}},"11":{"start":{"line":30,"column":0},"end":{"line":39,"column":2}},"12":{"start":{"line":36,"column":4},"end":{"line":36,"column":36}},"13":{"start":{"line":37,"column":4},"end":{"line":37,"column":69}},"14":{"start":{"line":41,"column":0},"end":{"line":49,"column":2}},"15":{"start":{"line":47,"column":4},"end":{"line":47,"column":67}},"16":{"start":{"line":51,"column":0},"end":{"line":60,"column":2}},"17":{"start":{"line":57,"column":4},"end":{"line":57,"column":36}},"18":{"start":{"line":58,"column":4},"end":{"line":58,"column":67}},"19":{"start":{"line":62,"column":0},"end":{"line":70,"column":2}},"20":{"start":{"line":68,"column":4},"end":{"line":68,"column":69}},"21":{"start":{"line":72,"column":0},"end":{"line":80,"column":2}},"22":{"start":{"line":78,"column":4},"end":{"line":78,"column":69}},"23":{"start":{"line":82,"column":0},"end":{"line":90,"column":2}},"24":{"start":{"line":88,"column":4},"end":{"line":88,"column":68}},"25":{"start":{"line":92,"column":0},"end":{"line":100,"column":2}},"26":{"start":{"line":98,"column":4},"end":{"line":98,"column":68}},"27":{"start":{"line":101,"column":0},"end":{"line":101,"column":24}}},"fnMap":{"0":{"name":"(anonymous_0)","decl":{"start":{"line":15,"column":2},"end":{"line":15,"column":3}},"loc":{"start":{"line":15,"column":16},"end":{"line":17,"column":3}},"line":15},"1":{"name":"(anonymous_1)","decl":{"start":{"line":25,"column":2},"end":{"line":25,"column":3}},"loc":{"start":{"line":25,"column":16},"end":{"line":27,"column":3}},"line":25},"2":{"name":"(anonymous_2)","decl":{"start":{"line":35,"column":2},"end":{"line":35,"column":3}},"loc":{"start":{"line":35,"column":16},"end":{"line":38,"column":3}},"line":35},"3":{"name":"(anonymous_3)","decl":{"start":{"line":46,"column":2},"end":{"line":46,"column":3}},"loc":{"start":{"line":46,"column":16},"end":{"line":48,"column":3}},"line":46},"4":{"name":"(anonymous_4)","decl":{"start":{"line":56,"column":2},"end":{"line":56,"column":3}},"loc":{"start":{"line":56,"column":16},"end":{"line":59,"column":3}},"line":56},"5":{"name":"(anonymous_5)","decl":{"start":{"line":67,"column":2},"end":{"line":67,"column":3}},"loc":{"start":{"line":67,"column":16},"end":{"line":69,"column":3}},"line":67},"6":{"name":"(anonymous_6)","decl":{"start":{"line":77,"column":2},"end":{"line":77,"column":3}},"loc":{"start":{"line":77,"column":16},"end":{"line":79,"column":3}},"line":77},"7":{"name":"(anonymous_7)","decl":{"start":{"line":87,"column":2},"end":{"line":87,"column":3}},"loc":{"start":{"line":87,"column":16},"end":{"line":89,"column":3}},"line":87},"8":{"name":"(anonymous_8)","decl":{"start":{"line":97,"column":2},"end":{"line":97,"column":3}},"loc":{"start":{"line":97,"column":16},"end":{"line":99,"column":3}},"line":97}},"branchMap":{},"s":{"0":1,"1":1,"2":1,"3":1,"4":1,"5":1,"6":1,"7":1,"8":1,"9":1,"10":1,"11":1,"12":0,"13":0,"14":1,"15":0,"16":1,"17":0,"18":0,"19":1,"20":1,"21":1,"22":1,"23":1,"24":1,"25":1,"26":1,"27":1},"f":{"0":1,"1":1,"2":0,"3":0,"4":0,"5":1,"6":1,"7":1,"8":1},"b":{},"_coverageSchema":"1a1c01bbd47fc00a2c39e90264f33305004495a9","hash":"fd7de815c4e8acf516086c719418c91ee2e91ad1","contentHash":"c8d52fe0eb0fc53faf9fd5404ac674ed6b5d2f0d8951ad1b8653e56aba0652a4"},"/Users/jilhenry/Documents/Programming/Node/F4B Projects/StackoverflowLite/domains/comment/routers/comment.router.js":{"path":"/Users/jilhenry/Documents/Programming/Node/F4B Projects/StackoverflowLite/domains/comment/routers/comment.router.js","statementMap":{"0":{"start":{"line":1,"column":16},"end":{"line":1,"column":34}},"1":{"start":{"line":2,"column":28},"end":{"line":2,"column":68}},"2":{"start":{"line":3,"column":19},"end":{"line":3,"column":63}},"3":{"start":{"line":4,"column":18},"end":{"line":4,"column":79}},"4":{"start":{"line":5,"column":18},"end":{"line":5,"column":79}},"5":{"start":{"line":6,"column":13},"end":{"line":6,"column":49}},"6":{"start":{"line":8,"column":15},"end":{"line":8,"column":31}},"7":{"start":{"line":10,"column":0},"end":{"line":18,"column":2}},"8":{"start":{"line":16,"column":4},"end":{"line":16,"column":70}},"9":{"start":{"line":20,"column":0},"end":{"line":28,"column":2}},"10":{"start":{"line":26,"column":4},"end":{"line":26,"column":70}},"11":{"start":{"line":30,"column":0},"end":{"line":30,"column":24}}},"fnMap":{"0":{"name":"(anonymous_0)","decl":{"start":{"line":15,"column":2},"end":{"line":15,"column":3}},"loc":{"start":{"line":15,"column":16},"end":{"line":17,"column":3}},"line":15},"1":{"name":"(anonymous_1)","decl":{"start":{"line":25,"column":2},"end":{"line":25,"column":3}},"loc":{"start":{"line":25,"column":16},"end":{"line":27,"column":3}},"line":25}},"branchMap":{},"s":{"0":1,"1":1,"2":1,"3":1,"4":1,"5":1,"6":1,"7":1,"8":1,"9":1,"10":1,"11":1},"f":{"0":1,"1":1},"b":{},"_coverageSchema":"1a1c01bbd47fc00a2c39e90264f33305004495a9","hash":"a5c2182ed5de19fd85eac3f686372139c05dd444","contentHash":"a6a610866e561848dd4c2007963b1969a280808bd706ab40bc51b3656696c529"},"/Users/jilhenry/Documents/Programming/Node/F4B Projects/StackoverflowLite/db/associations.js":{"path":"/Users/jilhenry/Documents/Programming/Node/F4B Projects/StackoverflowLite/db/associations.js","statementMap":{"0":{"start":{"line":1,"column":51},"end":{"line":1,"column":77}},"1":{"start":{"line":3,"column":0},"end":{"line":3,"column":46}},"2":{"start":{"line":4,"column":0},"end":{"line":4,"column":48}},"3":{"start":{"line":6,"column":0},"end":{"line":6,"column":50}},"4":{"start":{"line":7,"column":0},"end":{"line":7,"column":65}},"5":{"start":{"line":9,"column":0},"end":{"line":9,"column":48}},"6":{"start":{"line":10,"column":0},"end":{"line":10,"column":63}},"7":{"start":{"line":12,"column":0},"end":{"line":12,"column":55}},"8":{"start":{"line":13,"column":0},"end":{"line":13,"column":57}},"9":{"start":{"line":15,"column":0},"end":{"line":15,"column":49}},"10":{"start":{"line":16,"column":0},"end":{"line":16,"column":64}}},"fnMap":{},"branchMap":{},"s":{"0":1,"1":1,"2":1,"3":1,"4":1,"5":1,"6":1,"7":1,"8":1,"9":1,"10":1},"f":{},"b":{},"_coverageSchema":"1a1c01bbd47fc00a2c39e90264f33305004495a9","hash":"b396d1cfcd4e8182f7c49bbffb902d9097c24517","contentHash":"876fb830d20f2b0c22b7e17fcb7a1b8bcf93bccff1814cc8bcdd1d1513ad463c"}}